Using pre-set license
Built from '2021.3/staging' branch; Version is '2021.3.24f1 (cf10dcf7010d) revision 13570268'; Using compiler version '192829333'; Build Type 'Release'
OS: 'Windows 11  (10.0.22621) 64bit CoreSingleLanguage' Language: 'tr' Physical Memory: 7971 MB
BatchMode: 1, IsHumanControllingUs: 0, StartBugReporterOnCrash: 0, Is64bit: 1, IsPro: 1

COMMAND LINE ARGUMENTS:
C:\Program Files\Unity\Hub\Editor\2021.3.24f1\Editor\Unity.exe
-adb2
-batchMode
-noUpm
-name
AssetImportWorker0
-projectPath
C:/Users/yasin/OneDrive/Belgeler/Win.War/Win-War
-logFile
Logs/AssetImportWorker0.log
-srvPort
54249
Successfully changed project path to: C:/Users/yasin/OneDrive/Belgeler/Win.War/Win-War
C:/Users/yasin/OneDrive/Belgeler/Win.War/Win-War
[UnityMemory] Configuration Parameters - Can be set up in boot.config
    "memorysetup-bucket-allocator-granularity=16"
    "memorysetup-bucket-allocator-bucket-count=8"
    "memorysetup-bucket-allocator-block-size=33554432"
    "memorysetup-bucket-allocator-block-count=8"
    "memorysetup-main-allocator-block-size=16777216"
    "memorysetup-thread-allocator-block-size=16777216"
    "memorysetup-gfx-main-allocator-block-size=16777216"
    "memorysetup-gfx-thread-allocator-block-size=16777216"
    "memorysetup-cache-allocator-block-size=4194304"
    "memorysetup-typetree-allocator-block-size=2097152"
    "memorysetup-profiler-bucket-allocator-granularity=16"
    "memorysetup-profiler-bucket-allocator-bucket-count=8"
    "memorysetup-profiler-bucket-allocator-block-size=33554432"
    "memorysetup-profiler-bucket-allocator-block-count=8"
    "memorysetup-profiler-allocator-block-size=16777216"
    "memorysetup-profiler-editor-allocator-block-size=1048576"
    "memorysetup-temp-allocator-size-main=16777216"
    "memorysetup-job-temp-allocator-block-size=2097152"
    "memorysetup-job-temp-allocator-block-size-background=1048576"
    "memorysetup-job-temp-allocator-reduction-small-platforms=262144"
    "memorysetup-temp-allocator-size-background-worker=32768"
    "memorysetup-temp-allocator-size-job-worker=262144"
    "memorysetup-temp-allocator-size-preload-manager=33554432"
    "memorysetup-temp-allocator-size-nav-mesh-worker=65536"
    "memorysetup-temp-allocator-size-audio-worker=65536"
    "memorysetup-temp-allocator-size-cloud-worker=32768"
    "memorysetup-temp-allocator-size-gi-baking-worker=262144"
    "memorysetup-temp-allocator-size-gfx=262144"
Player connection [7464] Host "[IP] 192.168.1.230 [Port] 0 [Flags] 2 [Guid] 3981857379 [EditorId] 3981857379 [Version] 1048832 [Id] WindowsEditor(7,Enes) [Debug] 1 [PackageName] WindowsEditor [ProjectName] Editor" joined multi-casting on [225.0.0.222:54997]...

Player connection [7464] Host "[IP] 192.168.1.230 [Port] 0 [Flags] 2 [Guid] 3981857379 [EditorId] 3981857379 [Version] 1048832 [Id] WindowsEditor(7,Enes) [Debug] 1 [PackageName] WindowsEditor [ProjectName] Editor" joined alternative multi-casting on [225.0.0.222:34997]...

Refreshing native plugins compatible for Editor in 66.92 ms, found 3 plugins.
Preloading 0 native plugins for Editor in 0.00 ms.
Initialize engine version: 2021.3.24f1 (cf10dcf7010d)
[Subsystems] Discovering subsystems at path C:/Program Files/Unity/Hub/Editor/2021.3.24f1/Editor/Data/Resources/UnitySubsystems
[Subsystems] Discovering subsystems at path C:/Users/yasin/OneDrive/Belgeler/Win.War/Win-War/Assets
GfxDevice: creating device client; threaded=0; jobified=0
Direct3D:
    Version:  Direct3D 11.0 [level 11.1]
    Renderer: NVIDIA GeForce RTX 3050 Ti Laptop GPU (ID=0x25a0)
    Vendor:   NVIDIA
    VRAM:     3976 MB
    Driver:   31.0.15.3598
Initialize mono
Mono path[0] = 'C:/Program Files/Unity/Hub/Editor/2021.3.24f1/Editor/Data/Managed'
Mono path[1] = 'C:/Program Files/Unity/Hub/Editor/2021.3.24f1/Editor/Data/MonoBleedingEdge/lib/mono/unityjit-win32'
Mono config path = 'C:/Program Files/Unity/Hub/Editor/2021.3.24f1/Editor/Data/MonoBleedingEdge/etc'
Using monoOptions --debugger-agent=transport=dt_socket,embedding=1,server=y,suspend=n,address=127.0.0.1:56040
Begin MonoManager ReloadAssembly
Registering precompiled unity dll's ...
Register platform support module: C:/Program Files/Unity/Hub/Editor/2021.3.24f1/Editor/Data/PlaybackEngines/WindowsStandaloneSupport/UnityEditor.WindowsStandalone.Extensions.dll
Registered in 0.004790 seconds.
Native extension for WindowsStandalone target not found
Refreshing native plugins compatible for Editor in 63.09 ms, found 3 plugins.
Preloading 0 native plugins for Editor in 0.00 ms.
Mono: successfully reloaded assembly
- Completed reload, in  0.624 seconds
Domain Reload Profiling:
	ReloadAssembly (624ms)
		BeginReloadAssembly (125ms)
			ExecutionOrderSort (0ms)
			DisableScriptedObjects (0ms)
			BackupInstance (0ms)
			ReleaseScriptingObjects (0ms)
			CreateAndSetChildDomain (1ms)
		EndReloadAssembly (414ms)
			LoadAssemblies (122ms)
			RebuildTransferFunctionScriptingTraits (0ms)
			SetupTypeCache (110ms)
			ReleaseScriptCaches (0ms)
			RebuildScriptCaches (27ms)
			SetupLoadedEditorAssemblies (233ms)
				LogAssemblyErrors (0ms)
				InitializePlatformSupportModulesInManaged (6ms)
				SetLoadedEditorAssemblies (0ms)
				RefreshPlugins (63ms)
				BeforeProcessingInitializeOnLoad (1ms)
				ProcessInitializeOnLoadAttributes (116ms)
				ProcessInitializeOnLoadMethodAttributes (46ms)
				AfterProcessingInitializeOnLoad (0ms)
				EditorAssembliesLoaded (0ms)
			ExecutionOrderSort2 (0ms)
			AwakeInstancesAfterBackupRestoration (0ms)
Platform modules already initialized, skipping
Registering precompiled user dll's ...
Registered in 0.013221 seconds.
Begin MonoManager ReloadAssembly
Symbol file LoadedFromMemory doesn't match image C:\Users\yasin\OneDrive\Belgeler\Win.War\Win-War\Library\PackageCache\com.unity.visualscripting@1.8.0\Editor\VisualScripting.Core\Dependencies\YamlDotNet\Unity.VisualScripting.YamlDotNet.dll
Symbol file LoadedFromMemory doesn't match image C:\Users\yasin\OneDrive\Belgeler\Win.War\Win-War\Library\PackageCache\com.unity.visualscripting@1.8.0\Editor\VisualScripting.Core\Dependencies\DotNetZip\Unity.VisualScripting.IonicZip.dll
Native extension for WindowsStandalone target not found
Refreshing native plugins compatible for Editor in 0.55 ms, found 3 plugins.
Preloading 0 native plugins for Editor in 0.00 ms.
[ScriptCompilation] NOT recompiling all scripts because this is an import worker process. Reason to compile was: Define symbols changed
Mono: successfully reloaded assembly
- Completed reload, in  1.075 seconds
Domain Reload Profiling:
	ReloadAssembly (1076ms)
		BeginReloadAssembly (146ms)
			ExecutionOrderSort (0ms)
			DisableScriptedObjects (5ms)
			BackupInstance (0ms)
			ReleaseScriptingObjects (0ms)
			CreateAndSetChildDomain (22ms)
		EndReloadAssembly (824ms)
			LoadAssemblies (225ms)
			RebuildTransferFunctionScriptingTraits (0ms)
			SetupTypeCache (237ms)
			ReleaseScriptCaches (1ms)
			RebuildScriptCaches (57ms)
			SetupLoadedEditorAssemblies (307ms)
				LogAssemblyErrors (0ms)
				InitializePlatformSupportModulesInManaged (4ms)
				SetLoadedEditorAssemblies (0ms)
				RefreshPlugins (1ms)
				BeforeProcessingInitializeOnLoad (71ms)
				ProcessInitializeOnLoadAttributes (210ms)
				ProcessInitializeOnLoadMethodAttributes (16ms)
				AfterProcessingInitializeOnLoad (5ms)
				EditorAssembliesLoaded (0ms)
			ExecutionOrderSort2 (0ms)
			AwakeInstancesAfterBackupRestoration (6ms)
Platform modules already initialized, skipping
========================================================================
Worker process is ready to serve import requests
Launched and connected shader compiler UnityShaderCompiler.exe after 0.05 seconds
Refreshing native plugins compatible for Editor in 0.76 ms, found 3 plugins.
Preloading 0 native plugins for Editor in 0.00 ms.
Unloading 3190 Unused Serialized files (Serialized files now loaded: 0)
Unloading 36 unused Assets / (1.3 MB). Loaded Objects now: 3638.
Memory consumption went from 119.1 MB to 117.8 MB.
Total: 2.857500 ms (FindLiveObjects: 0.274600 ms CreateObjectMapping: 0.139800 ms MarkObjects: 2.120100 ms  DeleteObjects: 0.322000 ms)

AssetImportParameters requested are different than current active one (requested -> active):
  custom:video-decoder-ogg-theora: a1e56fd34408186e4bbccfd4996cb3dc -> 
  custom:container-muxer-webm: aa71ff27fc2769a1b78a27578f13a17b -> 
  custom:container-demuxer-webm: 4f35f7cbe854078d1ac9338744f61a02 -> 
  custom:video-encoder-webm-vp8: eb34c28f22e8b96e1ab97ce403110664 -> 
  custom:video-codec-MediaFoundation-h265: 746d11721c4dcdbdad8f713fa42b33f4 -> 
  custom:audio-encoder-webm-vorbis: bf7c407c2cedff20999df2af8eb42d56 -> 
  custom:framework-win-MediaFoundation: 216162199b28c13a410421893ffa2e32 -> 
  custom:container-demuxer-ogg: 62fdf1f143b41e24485cea50d1cbac27 -> 
  custom:video-decoder-webm-vp8: 9c59270c3fd7afecdb556c50c9e8de78 -> 
  custom:audio-decoder-ogg-vorbis: bf7c407c2cedff20999df2af8eb42d56 -> 
========================================================================
Received Import Request.
  Time since last request: 2383.674357 seconds.
  path: Assets/SlimUI/Modern Menu 1
  artifactKey: Guid(6c054824b3121b1468656378344f69a1) Importer(815301076,1909f56bfc062723c751e8b465ee728b)
Start importing Assets/SlimUI/Modern Menu 1 using Guid(6c054824b3121b1468656378344f69a1) Importer(815301076,1909f56bfc062723c751e8b465ee728b)  -> (artifact id: 'fc88bdf97a81362f49ae9da8b880cf77') in 0.034195 seconds 
========================================================================
Received Import Request.
  Time since last request: 0.159900 seconds.
  path: Assets/SlimUI/Modern Menu 1/POST_ModernMenu.asset
  artifactKey: Guid(e7593116ac2ca3b41a137dfec63d5faf) Importer(815301076,1909f56bfc062723c751e8b465ee728b)
Start importing Assets/SlimUI/Modern Menu 1/POST_ModernMenu.asset using Guid(e7593116ac2ca3b41a137dfec63d5faf) Importer(815301076,1909f56bfc062723c751e8b465ee728b)  -> (artifact id: 'ca47f0f6dd6853ca6b5c6be89f3d0a35') in 0.052401 seconds 
========================================================================
Received Import Request.
  Time since last request: 0.911523 seconds.
  path: Assets/SlimUI/Modern Menu 1/Scenes
  artifactKey: Guid(e82ea4333206b0246a696bd002a97d27) Importer(815301076,1909f56bfc062723c751e8b465ee728b)
Start importing Assets/SlimUI/Modern Menu 1/Scenes using Guid(e82ea4333206b0246a696bd002a97d27) Importer(815301076,1909f56bfc062723c751e8b465ee728b)  -> (artifact id: 'ff87ce4a984a06cc6f0cc6629111acbc') in 0.011108 seconds 
========================================================================
Received Import Request.
  Time since last request: 1.642953 seconds.
  path: Assets/SlimUI/Modern Menu 1/Scenes/Demos
  artifactKey: Guid(9a07d811aa9832d4aa84c50882d8b6f5) Importer(815301076,1909f56bfc062723c751e8b465ee728b)
Start importing Assets/SlimUI/Modern Menu 1/Scenes/Demos using Guid(9a07d811aa9832d4aa84c50882d8b6f5) Importer(815301076,1909f56bfc062723c751e8b465ee728b)  -> (artifact id: 'a39d3c7879dd31fed0ac4dd7a2e8b0ab') in 0.016027 seconds 
========================================================================
Received Import Request.
  Time since last request: 0.778552 seconds.
  path: Assets/SlimUI/Modern Menu 1/Scenes/Demos/Demo1.unity
  artifactKey: Guid(829a86ba161cdd840842063447f41aab) Importer(815301076,1909f56bfc062723c751e8b465ee728b)
Start importing Assets/SlimUI/Modern Menu 1/Scenes/Demos/Demo1.unity using Guid(829a86ba161cdd840842063447f41aab) Importer(815301076,1909f56bfc062723c751e8b465ee728b)  -> (artifact id: 'bf672ee4f87b55a64894fece18b7da4a') in 0.012014 seconds 
========================================================================
Received Prepare
Registering precompiled user dll's ...
Registered in 0.002983 seconds.
Begin MonoManager ReloadAssembly
Symbol file LoadedFromMemory doesn't match image C:\Users\yasin\OneDrive\Belgeler\Win.War\Win-War\Library\PackageCache\com.unity.visualscripting@1.8.0\Editor\VisualScripting.Core\Dependencies\YamlDotNet\Unity.VisualScripting.YamlDotNet.dll
Symbol file LoadedFromMemory doesn't match image C:\Users\yasin\OneDrive\Belgeler\Win.War\Win-War\Library\PackageCache\com.unity.visualscripting@1.8.0\Editor\VisualScripting.Core\Dependencies\DotNetZip\Unity.VisualScripting.IonicZip.dll
Native extension for WindowsStandalone target not found
Refreshing native plugins compatible for Editor in 1.17 ms, found 3 plugins.
Preloading 0 native plugins for Editor in 0.00 ms.
Mono: successfully reloaded assembly
- Completed reload, in  1.511 seconds
Domain Reload Profiling:
	ReloadAssembly (1513ms)
		BeginReloadAssembly (264ms)
			ExecutionOrderSort (0ms)
			DisableScriptedObjects (12ms)
			BackupInstance (0ms)
			ReleaseScriptingObjects (0ms)
			CreateAndSetChildDomain (75ms)
		EndReloadAssembly (1110ms)
			LoadAssemblies (176ms)
			RebuildTransferFunctionScriptingTraits (0ms)
			SetupTypeCache (406ms)
			ReleaseScriptCaches (2ms)
			RebuildScriptCaches (67ms)
			SetupLoadedEditorAssemblies (442ms)
				LogAssemblyErrors (0ms)
				InitializePlatformSupportModulesInManaged (9ms)
				SetLoadedEditorAssemblies (1ms)
				RefreshPlugins (1ms)
				BeforeProcessingInitializeOnLoad (87ms)
				ProcessInitializeOnLoadAttributes (307ms)
				ProcessInitializeOnLoadMethodAttributes (29ms)
				AfterProcessingInitializeOnLoad (6ms)
				EditorAssembliesLoaded (0ms)
			ExecutionOrderSort2 (0ms)
			AwakeInstancesAfterBackupRestoration (8ms)
Platform modules already initialized, skipping
Refreshing native plugins compatible for Editor in 2.05 ms, found 3 plugins.
Preloading 0 native plugins for Editor in 0.00 ms.
Unloading 3171 Unused Serialized files (Serialized files now loaded: 0)
Unloading 42 unused Assets / (2.0 MB). Loaded Objects now: 3642.
Memory consumption went from 118.3 MB to 116.3 MB.
Total: 5.912000 ms (FindLiveObjects: 0.293700 ms CreateObjectMapping: 0.108100 ms MarkObjects: 4.888000 ms  DeleteObjects: 0.620600 ms)

AssetImportParameters requested are different than current active one (requested -> active):
  custom:video-decoder-ogg-theora: a1e56fd34408186e4bbccfd4996cb3dc -> 
  custom:container-muxer-webm: aa71ff27fc2769a1b78a27578f13a17b -> 
  custom:container-demuxer-webm: 4f35f7cbe854078d1ac9338744f61a02 -> 
  custom:video-encoder-webm-vp8: eb34c28f22e8b96e1ab97ce403110664 -> 
  custom:video-codec-MediaFoundation-h265: 746d11721c4dcdbdad8f713fa42b33f4 -> 
  custom:audio-encoder-webm-vorbis: bf7c407c2cedff20999df2af8eb42d56 -> 
  custom:framework-win-MediaFoundation: 216162199b28c13a410421893ffa2e32 -> 
  custom:container-demuxer-ogg: 62fdf1f143b41e24485cea50d1cbac27 -> 
  custom:video-decoder-webm-vp8: 9c59270c3fd7afecdb556c50c9e8de78 -> 
  custom:audio-decoder-ogg-vorbis: bf7c407c2cedff20999df2af8eb42d56 -> 
========================================================================
Received Import Request.
  Time since last request: 536.071126 seconds.
  path: Assets/SlimUI/Modern Menu 1/Fonts/LATO-LIGHT SDF.asset
  artifactKey: Guid(2032339f567bde146b32a51cb1425adf) Importer(815301076,1909f56bfc062723c751e8b465ee728b)
Start importing Assets/SlimUI/Modern Menu 1/Fonts/LATO-LIGHT SDF.asset using Guid(2032339f567bde146b32a51cb1425adf) Importer(815301076,1909f56bfc062723c751e8b465ee728b)  -> (artifact id: '525ba98e18af73024d9ed10221cd08de') in 0.241652 seconds 
========================================================================
Received Import Request.
  Time since last request: 0.000037 seconds.
  path: Assets/SlimUI/Modern Menu 1/Fonts/Poppins-Bold SDF.asset
  artifactKey: Guid(59ee34472c5892a4196858080cc2141e) Importer(815301076,1909f56bfc062723c751e8b465ee728b)
Start importing Assets/SlimUI/Modern Menu 1/Fonts/Poppins-Bold SDF.asset using Guid(59ee34472c5892a4196858080cc2141e) Importer(815301076,1909f56bfc062723c751e8b465ee728b)  -> (artifact id: '37c2ca6eb0e218a1cae625aad7a1b970') in 0.039530 seconds 
========================================================================
Received Import Request.
  Time since last request: 0.000157 seconds.
  path: Assets/SlimUI/Modern Menu 1/Fonts/RUBIK-BOLD SDF.asset
  artifactKey: Guid(debe894442e153d479c7f9d07cce1276) Importer(815301076,1909f56bfc062723c751e8b465ee728b)
Start importing Assets/SlimUI/Modern Menu 1/Fonts/RUBIK-BOLD SDF.asset using Guid(debe894442e153d479c7f9d07cce1276) Importer(815301076,1909f56bfc062723c751e8b465ee728b)  -> (artifact id: '39d9764566df28f8e918d97827f89484') in 0.075681 seconds 
========================================================================
Received Import Request.
  Time since last request: 0.000051 seconds.
  path: Assets/TextMesh Pro/Resources/Fonts & Materials/LiberationSans SDF - Fallback.asset
  artifactKey: Guid(2e498d1c8094910479dc3e1b768306a4) Importer(815301076,1909f56bfc062723c751e8b465ee728b)
Start importing Assets/TextMesh Pro/Resources/Fonts & Materials/LiberationSans SDF - Fallback.asset using Guid(2e498d1c8094910479dc3e1b768306a4) Importer(815301076,1909f56bfc062723c751e8b465ee728b)  -> (artifact id: 'e92959a1734da9727477e5a3ab10230b') in 0.077256 seconds 
========================================================================
Received Import Request.
  Time since last request: 0.000039 seconds.
  path: Assets/SlimUI/Modern Menu 1/Fonts/RUBIK-LIGHT SDF.asset
  artifactKey: Guid(0b65c99348f068b49bef5db0bb76a6e4) Importer(815301076,1909f56bfc062723c751e8b465ee728b)
Start importing Assets/SlimUI/Modern Menu 1/Fonts/RUBIK-LIGHT SDF.asset using Guid(0b65c99348f068b49bef5db0bb76a6e4) Importer(815301076,1909f56bfc062723c751e8b465ee728b)  -> (artifact id: '56fb56f4560ae57fb17a0cba590170cc') in 0.066166 seconds 
========================================================================
Received Prepare
Registering precompiled user dll's ...
Registered in 0.005436 seconds.
Begin MonoManager ReloadAssembly
Symbol file LoadedFromMemory doesn't match image C:\Users\yasin\OneDrive\Belgeler\Win.War\Win-War\Library\PackageCache\com.unity.visualscripting@1.8.0\Editor\VisualScripting.Core\Dependencies\YamlDotNet\Unity.VisualScripting.YamlDotNet.dll
Symbol file LoadedFromMemory doesn't match image C:\Users\yasin\OneDrive\Belgeler\Win.War\Win-War\Library\PackageCache\com.unity.visualscripting@1.8.0\Editor\VisualScripting.Core\Dependencies\DotNetZip\Unity.VisualScripting.IonicZip.dll
Native extension for WindowsStandalone target not found
Refreshing native plugins compatible for Editor in 0.63 ms, found 3 plugins.
Preloading 0 native plugins for Editor in 0.00 ms.
Mono: successfully reloaded assembly
- Completed reload, in  0.944 seconds
Domain Reload Profiling:
	ReloadAssembly (945ms)
		BeginReloadAssembly (147ms)
			ExecutionOrderSort (0ms)
			DisableScriptedObjects (3ms)
			BackupInstance (0ms)
			ReleaseScriptingObjects (0ms)
			CreateAndSetChildDomain (41ms)
		EndReloadAssembly (712ms)
			LoadAssemblies (101ms)
			RebuildTransferFunctionScriptingTraits (0ms)
			SetupTypeCache (258ms)
			ReleaseScriptCaches (1ms)
			RebuildScriptCaches (37ms)
			SetupLoadedEditorAssemblies (284ms)
				LogAssemblyErrors (0ms)
				InitializePlatformSupportModulesInManaged (4ms)
				SetLoadedEditorAssemblies (0ms)
				RefreshPlugins (1ms)
				BeforeProcessingInitializeOnLoad (54ms)
				ProcessInitializeOnLoadAttributes (188ms)
				ProcessInitializeOnLoadMethodAttributes (30ms)
				AfterProcessingInitializeOnLoad (6ms)
				EditorAssembliesLoaded (0ms)
			ExecutionOrderSort2 (0ms)
			AwakeInstancesAfterBackupRestoration (10ms)
Platform modules already initialized, skipping
Refreshing native plugins compatible for Editor in 2.46 ms, found 3 plugins.
Preloading 0 native plugins for Editor in 0.00 ms.
Unloading 3171 Unused Serialized files (Serialized files now loaded: 0)
Unloading 40 unused Assets / (1.9 MB). Loaded Objects now: 3691.
Memory consumption went from 123.0 MB to 121.1 MB.
Total: 7.955200 ms (FindLiveObjects: 0.349200 ms CreateObjectMapping: 0.262500 ms MarkObjects: 4.619800 ms  DeleteObjects: 2.720600 ms)

AssetImportParameters requested are different than current active one (requested -> active):
  custom:video-decoder-ogg-theora: a1e56fd34408186e4bbccfd4996cb3dc -> 
  custom:container-muxer-webm: aa71ff27fc2769a1b78a27578f13a17b -> 
  custom:container-demuxer-webm: 4f35f7cbe854078d1ac9338744f61a02 -> 
  custom:video-encoder-webm-vp8: eb34c28f22e8b96e1ab97ce403110664 -> 
  custom:video-codec-MediaFoundation-h265: 746d11721c4dcdbdad8f713fa42b33f4 -> 
  custom:audio-encoder-webm-vorbis: bf7c407c2cedff20999df2af8eb42d56 -> 
  custom:framework-win-MediaFoundation: 216162199b28c13a410421893ffa2e32 -> 
  custom:container-demuxer-ogg: 62fdf1f143b41e24485cea50d1cbac27 -> 
  custom:video-decoder-webm-vp8: 9c59270c3fd7afecdb556c50c9e8de78 -> 
  custom:audio-decoder-ogg-vorbis: bf7c407c2cedff20999df2af8eb42d56 -> 
========================================================================
Received Prepare
Registering precompiled user dll's ...
Registered in 0.003104 seconds.
Begin MonoManager ReloadAssembly
Symbol file LoadedFromMemory doesn't match image C:\Users\yasin\OneDrive\Belgeler\Win.War\Win-War\Library\PackageCache\com.unity.visualscripting@1.8.0\Editor\VisualScripting.Core\Dependencies\YamlDotNet\Unity.VisualScripting.YamlDotNet.dll
Symbol file LoadedFromMemory doesn't match image C:\Users\yasin\OneDrive\Belgeler\Win.War\Win-War\Library\PackageCache\com.unity.visualscripting@1.8.0\Editor\VisualScripting.Core\Dependencies\DotNetZip\Unity.VisualScripting.IonicZip.dll
Native extension for WindowsStandalone target not found
Refreshing native plugins compatible for Editor in 0.58 ms, found 3 plugins.
Preloading 0 native plugins for Editor in 0.00 ms.
Mono: successfully reloaded assembly
- Completed reload, in  1.013 seconds
Domain Reload Profiling:
	ReloadAssembly (1013ms)
		BeginReloadAssembly (140ms)
			ExecutionOrderSort (0ms)
			DisableScriptedObjects (6ms)
			BackupInstance (0ms)
			ReleaseScriptingObjects (0ms)
			CreateAndSetChildDomain (40ms)
		EndReloadAssembly (793ms)
			LoadAssemblies (76ms)
			RebuildTransferFunctionScriptingTraits (0ms)
			SetupTypeCache (249ms)
			ReleaseScriptCaches (2ms)
			RebuildScriptCaches (46ms)
			SetupLoadedEditorAssemblies (365ms)
				LogAssemblyErrors (0ms)
				InitializePlatformSupportModulesInManaged (5ms)
				SetLoadedEditorAssemblies (0ms)
				RefreshPlugins (1ms)
				BeforeProcessingInitializeOnLoad (57ms)
				ProcessInitializeOnLoadAttributes (269ms)
				ProcessInitializeOnLoadMethodAttributes (25ms)
				AfterProcessingInitializeOnLoad (8ms)
				EditorAssembliesLoaded (0ms)
			ExecutionOrderSort2 (0ms)
			AwakeInstancesAfterBackupRestoration (8ms)
Platform modules already initialized, skipping
Refreshing native plugins compatible for Editor in 2.44 ms, found 3 plugins.
Preloading 0 native plugins for Editor in 0.00 ms.
Unloading 3169 Unused Serialized files (Serialized files now loaded: 0)
Unloading 40 unused Assets / (1.9 MB). Loaded Objects now: 3694.
Memory consumption went from 122.8 MB to 120.9 MB.
Total: 5.472800 ms (FindLiveObjects: 0.359900 ms CreateObjectMapping: 0.161600 ms MarkObjects: 3.305400 ms  DeleteObjects: 1.644300 ms)

AssetImportParameters requested are different than current active one (requested -> active):
  custom:video-decoder-ogg-theora: a1e56fd34408186e4bbccfd4996cb3dc -> 
  custom:container-muxer-webm: aa71ff27fc2769a1b78a27578f13a17b -> 
  custom:container-demuxer-webm: 4f35f7cbe854078d1ac9338744f61a02 -> 
  custom:video-encoder-webm-vp8: eb34c28f22e8b96e1ab97ce403110664 -> 
  custom:video-codec-MediaFoundation-h265: 746d11721c4dcdbdad8f713fa42b33f4 -> 
  custom:audio-encoder-webm-vorbis: bf7c407c2cedff20999df2af8eb42d56 -> 
  custom:framework-win-MediaFoundation: 216162199b28c13a410421893ffa2e32 -> 
  custom:container-demuxer-ogg: 62fdf1f143b41e24485cea50d1cbac27 -> 
  custom:video-decoder-webm-vp8: 9c59270c3fd7afecdb556c50c9e8de78 -> 
  custom:audio-decoder-ogg-vorbis: bf7c407c2cedff20999df2af8eb42d56 -> 
========================================================================
Received Prepare
Registering precompiled user dll's ...
Registered in 0.006578 seconds.
Begin MonoManager ReloadAssembly
Symbol file LoadedFromMemory doesn't match image C:\Users\yasin\OneDrive\Belgeler\Win.War\Win-War\Library\PackageCache\com.unity.visualscripting@1.8.0\Editor\VisualScripting.Core\Dependencies\YamlDotNet\Unity.VisualScripting.YamlDotNet.dll
Symbol file LoadedFromMemory doesn't match image C:\Users\yasin\OneDrive\Belgeler\Win.War\Win-War\Library\PackageCache\com.unity.visualscripting@1.8.0\Editor\VisualScripting.Core\Dependencies\DotNetZip\Unity.VisualScripting.IonicZip.dll
Native extension for WindowsStandalone target not found
Refreshing native plugins compatible for Editor in 0.70 ms, found 3 plugins.
Preloading 0 native plugins for Editor in 0.00 ms.
Mono: successfully reloaded assembly
- Completed reload, in  1.313 seconds
Domain Reload Profiling:
	ReloadAssembly (1314ms)
		BeginReloadAssembly (241ms)
			ExecutionOrderSort (0ms)
			DisableScriptedObjects (14ms)
			BackupInstance (0ms)
			ReleaseScriptingObjects (0ms)
			CreateAndSetChildDomain (79ms)
		EndReloadAssembly (942ms)
			LoadAssemblies (115ms)
			RebuildTransferFunctionScriptingTraits (0ms)
			SetupTypeCache (345ms)
			ReleaseScriptCaches (4ms)
			RebuildScriptCaches (63ms)
			SetupLoadedEditorAssemblies (361ms)
				LogAssemblyErrors (0ms)
				InitializePlatformSupportModulesInManaged (8ms)
				SetLoadedEditorAssemblies (2ms)
				RefreshPlugins (1ms)
				BeforeProcessingInitializeOnLoad (77ms)
				ProcessInitializeOnLoadAttributes (243ms)
				ProcessInitializeOnLoadMethodAttributes (23ms)
				AfterProcessingInitializeOnLoad (7ms)
				EditorAssembliesLoaded (0ms)
			ExecutionOrderSort2 (0ms)
			AwakeInstancesAfterBackupRestoration (7ms)
Platform modules already initialized, skipping
Refreshing native plugins compatible for Editor in 1.81 ms, found 3 plugins.
Preloading 0 native plugins for Editor in 0.00 ms.
Unloading 3169 Unused Serialized files (Serialized files now loaded: 0)
Unloading 40 unused Assets / (1.9 MB). Loaded Objects now: 3697.
Memory consumption went from 122.8 MB to 120.9 MB.
Total: 6.789900 ms (FindLiveObjects: 0.735400 ms CreateObjectMapping: 0.228600 ms MarkObjects: 4.319100 ms  DeleteObjects: 1.503500 ms)

AssetImportParameters requested are different than current active one (requested -> active):
  custom:video-decoder-ogg-theora: a1e56fd34408186e4bbccfd4996cb3dc -> 
  custom:container-muxer-webm: aa71ff27fc2769a1b78a27578f13a17b -> 
  custom:container-demuxer-webm: 4f35f7cbe854078d1ac9338744f61a02 -> 
  custom:video-encoder-webm-vp8: eb34c28f22e8b96e1ab97ce403110664 -> 
  custom:video-codec-MediaFoundation-h265: 746d11721c4dcdbdad8f713fa42b33f4 -> 
  custom:audio-encoder-webm-vorbis: bf7c407c2cedff20999df2af8eb42d56 -> 
  custom:framework-win-MediaFoundation: 216162199b28c13a410421893ffa2e32 -> 
  custom:container-demuxer-ogg: 62fdf1f143b41e24485cea50d1cbac27 -> 
  custom:video-decoder-webm-vp8: 9c59270c3fd7afecdb556c50c9e8de78 -> 
  custom:audio-decoder-ogg-vorbis: bf7c407c2cedff20999df2af8eb42d56 -> 
========================================================================
Received Prepare
Registering precompiled user dll's ...
Registered in 0.003494 seconds.
Begin MonoManager ReloadAssembly
Symbol file LoadedFromMemory doesn't match image C:\Users\yasin\OneDrive\Belgeler\Win.War\Win-War\Library\PackageCache\com.unity.visualscripting@1.8.0\Editor\VisualScripting.Core\Dependencies\YamlDotNet\Unity.VisualScripting.YamlDotNet.dll
Symbol file LoadedFromMemory doesn't match image C:\Users\yasin\OneDrive\Belgeler\Win.War\Win-War\Library\PackageCache\com.unity.visualscripting@1.8.0\Editor\VisualScripting.Core\Dependencies\DotNetZip\Unity.VisualScripting.IonicZip.dll
Native extension for WindowsStandalone target not found
Refreshing native plugins compatible for Editor in 0.59 ms, found 3 plugins.
Preloading 0 native plugins for Editor in 0.00 ms.
Mono: successfully reloaded assembly
- Completed reload, in  1.473 seconds
Domain Reload Profiling:
	ReloadAssembly (1477ms)
		BeginReloadAssembly (416ms)
			ExecutionOrderSort (0ms)
			DisableScriptedObjects (37ms)
			BackupInstance (0ms)
			ReleaseScriptingObjects (0ms)
			CreateAndSetChildDomain (145ms)
		EndReloadAssembly (954ms)
			LoadAssemblies (95ms)
			RebuildTransferFunctionScriptingTraits (0ms)
			SetupTypeCache (265ms)
			ReleaseScriptCaches (2ms)
			RebuildScriptCaches (58ms)
			SetupLoadedEditorAssemblies (467ms)
				LogAssemblyErrors (0ms)
				InitializePlatformSupportModulesInManaged (13ms)
				SetLoadedEditorAssemblies (1ms)
				RefreshPlugins (1ms)
				BeforeProcessingInitializeOnLoad (69ms)
				ProcessInitializeOnLoadAttributes (353ms)
				ProcessInitializeOnLoadMethodAttributes (26ms)
				AfterProcessingInitializeOnLoad (6ms)
				EditorAssembliesLoaded (0ms)
			ExecutionOrderSort2 (0ms)
			AwakeInstancesAfterBackupRestoration (8ms)
Platform modules already initialized, skipping
Refreshing native plugins compatible for Editor in 1.55 ms, found 3 plugins.
Preloading 0 native plugins for Editor in 0.00 ms.
Unloading 3169 Unused Serialized files (Serialized files now loaded: 0)
Unloading 40 unused Assets / (1.9 MB). Loaded Objects now: 3700.
Memory consumption went from 122.8 MB to 120.9 MB.
Total: 4.263300 ms (FindLiveObjects: 0.586800 ms CreateObjectMapping: 0.144500 ms MarkObjects: 2.564000 ms  DeleteObjects: 0.966700 ms)

AssetImportParameters requested are different than current active one (requested -> active):
  custom:video-decoder-ogg-theora: a1e56fd34408186e4bbccfd4996cb3dc -> 
  custom:container-muxer-webm: aa71ff27fc2769a1b78a27578f13a17b -> 
  custom:container-demuxer-webm: 4f35f7cbe854078d1ac9338744f61a02 -> 
  custom:video-encoder-webm-vp8: eb34c28f22e8b96e1ab97ce403110664 -> 
  custom:video-codec-MediaFoundation-h265: 746d11721c4dcdbdad8f713fa42b33f4 -> 
  custom:audio-encoder-webm-vorbis: bf7c407c2cedff20999df2af8eb42d56 -> 
  custom:framework-win-MediaFoundation: 216162199b28c13a410421893ffa2e32 -> 
  custom:container-demuxer-ogg: 62fdf1f143b41e24485cea50d1cbac27 -> 
  custom:video-decoder-webm-vp8: 9c59270c3fd7afecdb556c50c9e8de78 -> 
  custom:audio-decoder-ogg-vorbis: bf7c407c2cedff20999df2af8eb42d56 -> 
========================================================================
Received Prepare
Registering precompiled user dll's ...
Registered in 0.004659 seconds.
Begin MonoManager ReloadAssembly
Symbol file LoadedFromMemory doesn't match image C:\Users\yasin\OneDrive\Belgeler\Win.War\Win-War\Library\PackageCache\com.unity.visualscripting@1.8.0\Editor\VisualScripting.Core\Dependencies\YamlDotNet\Unity.VisualScripting.YamlDotNet.dll
Symbol file LoadedFromMemory doesn't match image C:\Users\yasin\OneDrive\Belgeler\Win.War\Win-War\Library\PackageCache\com.unity.visualscripting@1.8.0\Editor\VisualScripting.Core\Dependencies\DotNetZip\Unity.VisualScripting.IonicZip.dll
Native extension for WindowsStandalone target not found
Refreshing native plugins compatible for Editor in 0.61 ms, found 3 plugins.
Preloading 0 native plugins for Editor in 0.00 ms.
Mono: successfully reloaded assembly
- Completed reload, in  0.964 seconds
Domain Reload Profiling:
	ReloadAssembly (965ms)
		BeginReloadAssembly (148ms)
			ExecutionOrderSort (0ms)
			DisableScriptedObjects (5ms)
			BackupInstance (0ms)
			ReleaseScriptingObjects (0ms)
			CreateAndSetChildDomain (38ms)
		EndReloadAssembly (734ms)
			LoadAssemblies (90ms)
			RebuildTransferFunctionScriptingTraits (0ms)
			SetupTypeCache (236ms)
			ReleaseScriptCaches (1ms)
			RebuildScriptCaches (39ms)
			SetupLoadedEditorAssemblies (336ms)
				LogAssemblyErrors (0ms)
				InitializePlatformSupportModulesInManaged (4ms)
				SetLoadedEditorAssemblies (0ms)
				RefreshPlugins (1ms)
				BeforeProcessingInitializeOnLoad (66ms)
				ProcessInitializeOnLoadAttributes (236ms)
				ProcessInitializeOnLoadMethodAttributes (23ms)
				AfterProcessingInitializeOnLoad (5ms)
				EditorAssembliesLoaded (0ms)
			ExecutionOrderSort2 (0ms)
			AwakeInstancesAfterBackupRestoration (6ms)
Platform modules already initialized, skipping
Refreshing native plugins compatible for Editor in 6.85 ms, found 3 plugins.
Preloading 0 native plugins for Editor in 0.00 ms.
Unloading 3169 Unused Serialized files (Serialized files now loaded: 0)
Unloading 40 unused Assets / (1.9 MB). Loaded Objects now: 3703.
Memory consumption went from 122.8 MB to 120.9 MB.
Total: 10.662000 ms (FindLiveObjects: 0.438100 ms CreateObjectMapping: 0.232900 ms MarkObjects: 7.590500 ms  DeleteObjects: 2.395800 ms)

AssetImportParameters requested are different than current active one (requested -> active):
  custom:video-decoder-ogg-theora: a1e56fd34408186e4bbccfd4996cb3dc -> 
  custom:container-muxer-webm: aa71ff27fc2769a1b78a27578f13a17b -> 
  custom:container-demuxer-webm: 4f35f7cbe854078d1ac9338744f61a02 -> 
  custom:video-encoder-webm-vp8: eb34c28f22e8b96e1ab97ce403110664 -> 
  custom:video-codec-MediaFoundation-h265: 746d11721c4dcdbdad8f713fa42b33f4 -> 
  custom:audio-encoder-webm-vorbis: bf7c407c2cedff20999df2af8eb42d56 -> 
  custom:framework-win-MediaFoundation: 216162199b28c13a410421893ffa2e32 -> 
  custom:container-demuxer-ogg: 62fdf1f143b41e24485cea50d1cbac27 -> 
  custom:video-decoder-webm-vp8: 9c59270c3fd7afecdb556c50c9e8de78 -> 
  custom:audio-decoder-ogg-vorbis: bf7c407c2cedff20999df2af8eb42d56 -> 
========================================================================
Received Prepare
Registering precompiled user dll's ...
Registered in 0.003131 seconds.
Begin MonoManager ReloadAssembly
Symbol file LoadedFromMemory doesn't match image C:\Users\yasin\OneDrive\Belgeler\Win.War\Win-War\Library\PackageCache\com.unity.visualscripting@1.8.0\Editor\VisualScripting.Core\Dependencies\YamlDotNet\Unity.VisualScripting.YamlDotNet.dll
Symbol file LoadedFromMemory doesn't match image C:\Users\yasin\OneDrive\Belgeler\Win.War\Win-War\Library\PackageCache\com.unity.visualscripting@1.8.0\Editor\VisualScripting.Core\Dependencies\DotNetZip\Unity.VisualScripting.IonicZip.dll
Native extension for WindowsStandalone target not found
Refreshing native plugins compatible for Editor in 0.58 ms, found 3 plugins.
Preloading 0 native plugins for Editor in 0.00 ms.
Mono: successfully reloaded assembly
- Completed reload, in  0.915 seconds
Domain Reload Profiling:
	ReloadAssembly (916ms)
		BeginReloadAssembly (134ms)
			ExecutionOrderSort (0ms)
			DisableScriptedObjects (5ms)
			BackupInstance (0ms)
			ReleaseScriptingObjects (0ms)
			CreateAndSetChildDomain (40ms)
		EndReloadAssembly (698ms)
			LoadAssemblies (85ms)
			RebuildTransferFunctionScriptingTraits (0ms)
			SetupTypeCache (245ms)
			ReleaseScriptCaches (1ms)
			RebuildScriptCaches (44ms)
			SetupLoadedEditorAssemblies (290ms)
				LogAssemblyErrors (0ms)
				InitializePlatformSupportModulesInManaged (4ms)
				SetLoadedEditorAssemblies (0ms)
				RefreshPlugins (1ms)
				BeforeProcessingInitializeOnLoad (65ms)
				ProcessInitializeOnLoadAttributes (194ms)
				ProcessInitializeOnLoadMethodAttributes (21ms)
				AfterProcessingInitializeOnLoad (5ms)
				EditorAssembliesLoaded (0ms)
			ExecutionOrderSort2 (0ms)
			AwakeInstancesAfterBackupRestoration (5ms)
Platform modules already initialized, skipping
Refreshing native plugins compatible for Editor in 1.88 ms, found 3 plugins.
Preloading 0 native plugins for Editor in 0.00 ms.
Unloading 3169 Unused Serialized files (Serialized files now loaded: 0)
Unloading 40 unused Assets / (1.9 MB). Loaded Objects now: 3706.
Memory consumption went from 122.8 MB to 120.9 MB.
Total: 9.423600 ms (FindLiveObjects: 2.008000 ms CreateObjectMapping: 1.048200 ms MarkObjects: 4.881000 ms  DeleteObjects: 1.481400 ms)

AssetImportParameters requested are different than current active one (requested -> active):
  custom:video-decoder-ogg-theora: a1e56fd34408186e4bbccfd4996cb3dc -> 
  custom:container-muxer-webm: aa71ff27fc2769a1b78a27578f13a17b -> 
  custom:container-demuxer-webm: 4f35f7cbe854078d1ac9338744f61a02 -> 
  custom:video-encoder-webm-vp8: eb34c28f22e8b96e1ab97ce403110664 -> 
  custom:video-codec-MediaFoundation-h265: 746d11721c4dcdbdad8f713fa42b33f4 -> 
  custom:audio-encoder-webm-vorbis: bf7c407c2cedff20999df2af8eb42d56 -> 
  custom:framework-win-MediaFoundation: 216162199b28c13a410421893ffa2e32 -> 
  custom:container-demuxer-ogg: 62fdf1f143b41e24485cea50d1cbac27 -> 
  custom:video-decoder-webm-vp8: 9c59270c3fd7afecdb556c50c9e8de78 -> 
  custom:audio-decoder-ogg-vorbis: bf7c407c2cedff20999df2af8eb42d56 -> 
========================================================================
Received Prepare
Registering precompiled user dll's ...
Registered in 0.003955 seconds.
Begin MonoManager ReloadAssembly
Symbol file LoadedFromMemory doesn't match image C:\Users\yasin\OneDrive\Belgeler\Win.War\Win-War\Library\PackageCache\com.unity.visualscripting@1.8.0\Editor\VisualScripting.Core\Dependencies\YamlDotNet\Unity.VisualScripting.YamlDotNet.dll
Symbol file LoadedFromMemory doesn't match image C:\Users\yasin\OneDrive\Belgeler\Win.War\Win-War\Library\PackageCache\com.unity.visualscripting@1.8.0\Editor\VisualScripting.Core\Dependencies\DotNetZip\Unity.VisualScripting.IonicZip.dll
Native extension for WindowsStandalone target not found
Refreshing native plugins compatible for Editor in 0.74 ms, found 3 plugins.
Preloading 0 native plugins for Editor in 0.00 ms.
Mono: successfully reloaded assembly
- Completed reload, in  0.980 seconds
Domain Reload Profiling:
	ReloadAssembly (981ms)
		BeginReloadAssembly (135ms)
			ExecutionOrderSort (0ms)
			DisableScriptedObjects (5ms)
			BackupInstance (0ms)
			ReleaseScriptingObjects (0ms)
			CreateAndSetChildDomain (40ms)
		EndReloadAssembly (757ms)
			LoadAssemblies (84ms)
			RebuildTransferFunctionScriptingTraits (0ms)
			SetupTypeCache (262ms)
			ReleaseScriptCaches (2ms)
			RebuildScriptCaches (48ms)
			SetupLoadedEditorAssemblies (319ms)
				LogAssemblyErrors (0ms)
				InitializePlatformSupportModulesInManaged (4ms)
				SetLoadedEditorAssemblies (0ms)
				RefreshPlugins (1ms)
				BeforeProcessingInitializeOnLoad (60ms)
				ProcessInitializeOnLoadAttributes (225ms)
				ProcessInitializeOnLoadMethodAttributes (23ms)
				AfterProcessingInitializeOnLoad (5ms)
				EditorAssembliesLoaded (0ms)
			ExecutionOrderSort2 (0ms)
			AwakeInstancesAfterBackupRestoration (9ms)
Platform modules already initialized, skipping
Refreshing native plugins compatible for Editor in 1.39 ms, found 3 plugins.
Preloading 0 native plugins for Editor in 0.00 ms.
Unloading 3169 Unused Serialized files (Serialized files now loaded: 0)
Unloading 40 unused Assets / (1.9 MB). Loaded Objects now: 3709.
Memory consumption went from 122.8 MB to 120.9 MB.
Total: 4.652000 ms (FindLiveObjects: 0.316100 ms CreateObjectMapping: 0.127000 ms MarkObjects: 3.408000 ms  DeleteObjects: 0.763600 ms)

AssetImportParameters requested are different than current active one (requested -> active):
  custom:video-decoder-ogg-theora: a1e56fd34408186e4bbccfd4996cb3dc -> 
  custom:container-muxer-webm: aa71ff27fc2769a1b78a27578f13a17b -> 
  custom:container-demuxer-webm: 4f35f7cbe854078d1ac9338744f61a02 -> 
  custom:video-encoder-webm-vp8: eb34c28f22e8b96e1ab97ce403110664 -> 
  custom:video-codec-MediaFoundation-h265: 746d11721c4dcdbdad8f713fa42b33f4 -> 
  custom:audio-encoder-webm-vorbis: bf7c407c2cedff20999df2af8eb42d56 -> 
  custom:framework-win-MediaFoundation: 216162199b28c13a410421893ffa2e32 -> 
  custom:container-demuxer-ogg: 62fdf1f143b41e24485cea50d1cbac27 -> 
  custom:video-decoder-webm-vp8: 9c59270c3fd7afecdb556c50c9e8de78 -> 
  custom:audio-decoder-ogg-vorbis: bf7c407c2cedff20999df2af8eb42d56 -> 
========================================================================
Received Prepare
Registering precompiled user dll's ...
Registered in 0.003687 seconds.
Begin MonoManager ReloadAssembly
Symbol file LoadedFromMemory doesn't match image C:\Users\yasin\OneDrive\Belgeler\Win.War\Win-War\Library\PackageCache\com.unity.visualscripting@1.8.0\Editor\VisualScripting.Core\Dependencies\YamlDotNet\Unity.VisualScripting.YamlDotNet.dll
Symbol file LoadedFromMemory doesn't match image C:\Users\yasin\OneDrive\Belgeler\Win.War\Win-War\Library\PackageCache\com.unity.visualscripting@1.8.0\Editor\VisualScripting.Core\Dependencies\DotNetZip\Unity.VisualScripting.IonicZip.dll
Native extension for WindowsStandalone target not found
Refreshing native plugins compatible for Editor in 0.54 ms, found 3 plugins.
Preloading 0 native plugins for Editor in 0.00 ms.
Mono: successfully reloaded assembly
- Completed reload, in  0.913 seconds
Domain Reload Profiling:
	ReloadAssembly (913ms)
		BeginReloadAssembly (132ms)
			ExecutionOrderSort (0ms)
			DisableScriptedObjects (5ms)
			BackupInstance (0ms)
			ReleaseScriptingObjects (0ms)
			CreateAndSetChildDomain (38ms)
		EndReloadAssembly (699ms)
			LoadAssemblies (78ms)
			RebuildTransferFunctionScriptingTraits (0ms)
			SetupTypeCache (240ms)
			ReleaseScriptCaches (1ms)
			RebuildScriptCaches (42ms)
			SetupLoadedEditorAssemblies (297ms)
				LogAssemblyErrors (0ms)
				InitializePlatformSupportModulesInManaged (5ms)
				SetLoadedEditorAssemblies (0ms)
				RefreshPlugins (1ms)
				BeforeProcessingInitializeOnLoad (62ms)
				ProcessInitializeOnLoadAttributes (200ms)
				ProcessInitializeOnLoadMethodAttributes (21ms)
				AfterProcessingInitializeOnLoad (7ms)
				EditorAssembliesLoaded (0ms)
			ExecutionOrderSort2 (0ms)
			AwakeInstancesAfterBackupRestoration (7ms)
Platform modules already initialized, skipping
Refreshing native plugins compatible for Editor in 2.82 ms, found 3 plugins.
Preloading 0 native plugins for Editor in 0.00 ms.
Unloading 3169 Unused Serialized files (Serialized files now loaded: 0)
Unloading 40 unused Assets / (1.9 MB). Loaded Objects now: 3712.
Memory consumption went from 122.8 MB to 121.0 MB.
Total: 3.511100 ms (FindLiveObjects: 0.262500 ms CreateObjectMapping: 0.147100 ms MarkObjects: 2.345300 ms  DeleteObjects: 0.754400 ms)

AssetImportParameters requested are different than current active one (requested -> active):
  custom:video-decoder-ogg-theora: a1e56fd34408186e4bbccfd4996cb3dc -> 
  custom:container-muxer-webm: aa71ff27fc2769a1b78a27578f13a17b -> 
  custom:container-demuxer-webm: 4f35f7cbe854078d1ac9338744f61a02 -> 
  custom:video-encoder-webm-vp8: eb34c28f22e8b96e1ab97ce403110664 -> 
  custom:video-codec-MediaFoundation-h265: 746d11721c4dcdbdad8f713fa42b33f4 -> 
  custom:audio-encoder-webm-vorbis: bf7c407c2cedff20999df2af8eb42d56 -> 
  custom:framework-win-MediaFoundation: 216162199b28c13a410421893ffa2e32 -> 
  custom:container-demuxer-ogg: 62fdf1f143b41e24485cea50d1cbac27 -> 
  custom:video-decoder-webm-vp8: 9c59270c3fd7afecdb556c50c9e8de78 -> 
  custom:audio-decoder-ogg-vorbis: bf7c407c2cedff20999df2af8eb42d56 -> 
========================================================================
Received Prepare
Registering precompiled user dll's ...
Registered in 0.004178 seconds.
Begin MonoManager ReloadAssembly
Symbol file LoadedFromMemory doesn't match image C:\Users\yasin\OneDrive\Belgeler\Win.War\Win-War\Library\PackageCache\com.unity.visualscripting@1.8.0\Editor\VisualScripting.Core\Dependencies\YamlDotNet\Unity.VisualScripting.YamlDotNet.dll
Symbol file LoadedFromMemory doesn't match image C:\Users\yasin\OneDrive\Belgeler\Win.War\Win-War\Library\PackageCache\com.unity.visualscripting@1.8.0\Editor\VisualScripting.Core\Dependencies\DotNetZip\Unity.VisualScripting.IonicZip.dll
Native extension for WindowsStandalone target not found
Refreshing native plugins compatible for Editor in 0.57 ms, found 3 plugins.
Preloading 0 native plugins for Editor in 0.00 ms.
Mono: successfully reloaded assembly
- Completed reload, in  0.936 seconds
Domain Reload Profiling:
	ReloadAssembly (937ms)
		BeginReloadAssembly (128ms)
			ExecutionOrderSort (0ms)
			DisableScriptedObjects (4ms)
			BackupInstance (0ms)
			ReleaseScriptingObjects (0ms)
			CreateAndSetChildDomain (32ms)
		EndReloadAssembly (729ms)
			LoadAssemblies (80ms)
			RebuildTransferFunctionScriptingTraits (0ms)
			SetupTypeCache (253ms)
			ReleaseScriptCaches (2ms)
			RebuildScriptCaches (51ms)
			SetupLoadedEditorAssemblies (303ms)
				LogAssemblyErrors (0ms)
				InitializePlatformSupportModulesInManaged (4ms)
				SetLoadedEditorAssemblies (0ms)
				RefreshPlugins (1ms)
				BeforeProcessingInitializeOnLoad (59ms)
				ProcessInitializeOnLoadAttributes (208ms)
				ProcessInitializeOnLoadMethodAttributes (25ms)
				AfterProcessingInitializeOnLoad (5ms)
				EditorAssembliesLoaded (0ms)
			ExecutionOrderSort2 (0ms)
			AwakeInstancesAfterBackupRestoration (6ms)
Platform modules already initialized, skipping
Refreshing native plugins compatible for Editor in 1.65 ms, found 3 plugins.
Preloading 0 native plugins for Editor in 0.00 ms.
Unloading 3169 Unused Serialized files (Serialized files now loaded: 0)
Unloading 40 unused Assets / (1.9 MB). Loaded Objects now: 3715.
Memory consumption went from 122.8 MB to 121.0 MB.
Total: 6.776900 ms (FindLiveObjects: 0.890100 ms CreateObjectMapping: 1.437900 ms MarkObjects: 3.466700 ms  DeleteObjects: 0.976500 ms)

AssetImportParameters requested are different than current active one (requested -> active):
  custom:video-decoder-ogg-theora: a1e56fd34408186e4bbccfd4996cb3dc -> 
  custom:container-muxer-webm: aa71ff27fc2769a1b78a27578f13a17b -> 
  custom:container-demuxer-webm: 4f35f7cbe854078d1ac9338744f61a02 -> 
  custom:video-encoder-webm-vp8: eb34c28f22e8b96e1ab97ce403110664 -> 
  custom:video-codec-MediaFoundation-h265: 746d11721c4dcdbdad8f713fa42b33f4 -> 
  custom:audio-encoder-webm-vorbis: bf7c407c2cedff20999df2af8eb42d56 -> 
  custom:framework-win-MediaFoundation: 216162199b28c13a410421893ffa2e32 -> 
  custom:container-demuxer-ogg: 62fdf1f143b41e24485cea50d1cbac27 -> 
  custom:video-decoder-webm-vp8: 9c59270c3fd7afecdb556c50c9e8de78 -> 
  custom:audio-decoder-ogg-vorbis: bf7c407c2cedff20999df2af8eb42d56 -> 
========================================================================
Received Prepare
Registering precompiled user dll's ...
Registered in 0.006476 seconds.
Begin MonoManager ReloadAssembly
Symbol file LoadedFromMemory doesn't match image C:\Users\yasin\OneDrive\Belgeler\Win.War\Win-War\Library\PackageCache\com.unity.visualscripting@1.8.0\Editor\VisualScripting.Core\Dependencies\YamlDotNet\Unity.VisualScripting.YamlDotNet.dll
Symbol file LoadedFromMemory doesn't match image C:\Users\yasin\OneDrive\Belgeler\Win.War\Win-War\Library\PackageCache\com.unity.visualscripting@1.8.0\Editor\VisualScripting.Core\Dependencies\DotNetZip\Unity.VisualScripting.IonicZip.dll
Native extension for WindowsStandalone target not found
Refreshing native plugins compatible for Editor in 0.63 ms, found 3 plugins.
Preloading 0 native plugins for Editor in 0.00 ms.
Mono: successfully reloaded assembly
- Completed reload, in  0.878 seconds
Domain Reload Profiling:
	ReloadAssembly (878ms)
		BeginReloadAssembly (133ms)
			ExecutionOrderSort (0ms)
			DisableScriptedObjects (4ms)
			BackupInstance (0ms)
			ReleaseScriptingObjects (0ms)
			CreateAndSetChildDomain (38ms)
		EndReloadAssembly (667ms)
			LoadAssemblies (79ms)
			RebuildTransferFunctionScriptingTraits (0ms)
			SetupTypeCache (231ms)
			ReleaseScriptCaches (2ms)
			RebuildScriptCaches (39ms)
			SetupLoadedEditorAssemblies (280ms)
				LogAssemblyErrors (0ms)
				InitializePlatformSupportModulesInManaged (4ms)
				SetLoadedEditorAssemblies (0ms)
				RefreshPlugins (1ms)
				BeforeProcessingInitializeOnLoad (62ms)
				ProcessInitializeOnLoadAttributes (190ms)
				ProcessInitializeOnLoadMethodAttributes (18ms)
				AfterProcessingInitializeOnLoad (4ms)
				EditorAssembliesLoaded (0ms)
			ExecutionOrderSort2 (0ms)
			AwakeInstancesAfterBackupRestoration (8ms)
Platform modules already initialized, skipping
Refreshing native plugins compatible for Editor in 2.76 ms, found 3 plugins.
Preloading 0 native plugins for Editor in 0.00 ms.
Unloading 3169 Unused Serialized files (Serialized files now loaded: 0)
Unloading 40 unused Assets / (1.9 MB). Loaded Objects now: 3718.
Memory consumption went from 122.8 MB to 121.0 MB.
Total: 4.304700 ms (FindLiveObjects: 1.009200 ms CreateObjectMapping: 0.224100 ms MarkObjects: 2.505800 ms  DeleteObjects: 0.562200 ms)

AssetImportParameters requested are different than current active one (requested -> active):
  custom:video-decoder-ogg-theora: a1e56fd34408186e4bbccfd4996cb3dc -> 
  custom:container-muxer-webm: aa71ff27fc2769a1b78a27578f13a17b -> 
  custom:container-demuxer-webm: 4f35f7cbe854078d1ac9338744f61a02 -> 
  custom:video-encoder-webm-vp8: eb34c28f22e8b96e1ab97ce403110664 -> 
  custom:video-codec-MediaFoundation-h265: 746d11721c4dcdbdad8f713fa42b33f4 -> 
  custom:audio-encoder-webm-vorbis: bf7c407c2cedff20999df2af8eb42d56 -> 
  custom:framework-win-MediaFoundation: 216162199b28c13a410421893ffa2e32 -> 
  custom:container-demuxer-ogg: 62fdf1f143b41e24485cea50d1cbac27 -> 
  custom:video-decoder-webm-vp8: 9c59270c3fd7afecdb556c50c9e8de78 -> 
  custom:audio-decoder-ogg-vorbis: bf7c407c2cedff20999df2af8eb42d56 -> 
========================================================================
Received Prepare
Registering precompiled user dll's ...
Registered in 0.004490 seconds.
Begin MonoManager ReloadAssembly
Symbol file LoadedFromMemory doesn't match image C:\Users\yasin\OneDrive\Belgeler\Win.War\Win-War\Library\PackageCache\com.unity.visualscripting@1.8.0\Editor\VisualScripting.Core\Dependencies\YamlDotNet\Unity.VisualScripting.YamlDotNet.dll
Symbol file LoadedFromMemory doesn't match image C:\Users\yasin\OneDrive\Belgeler\Win.War\Win-War\Library\PackageCache\com.unity.visualscripting@1.8.0\Editor\VisualScripting.Core\Dependencies\DotNetZip\Unity.VisualScripting.IonicZip.dll
Native extension for WindowsStandalone target not found
Refreshing native plugins compatible for Editor in 0.62 ms, found 3 plugins.
Preloading 0 native plugins for Editor in 0.00 ms.
Mono: successfully reloaded assembly
- Completed reload, in  1.331 seconds
Domain Reload Profiling:
	ReloadAssembly (1332ms)
		BeginReloadAssembly (270ms)
			ExecutionOrderSort (0ms)
			DisableScriptedObjects (11ms)
			BackupInstance (0ms)
			ReleaseScriptingObjects (0ms)
			CreateAndSetChildDomain (90ms)
		EndReloadAssembly (907ms)
			LoadAssemblies (148ms)
			RebuildTransferFunctionScriptingTraits (0ms)
			SetupTypeCache (347ms)
			ReleaseScriptCaches (2ms)
			RebuildScriptCaches (64ms)
			SetupLoadedEditorAssemblies (339ms)
				LogAssemblyErrors (0ms)
				InitializePlatformSupportModulesInManaged (8ms)
				SetLoadedEditorAssemblies (0ms)
				RefreshPlugins (1ms)
				BeforeProcessingInitializeOnLoad (79ms)
				ProcessInitializeOnLoadAttributes (227ms)
				ProcessInitializeOnLoadMethodAttributes (17ms)
				AfterProcessingInitializeOnLoad (6ms)
				EditorAssembliesLoaded (0ms)
			ExecutionOrderSort2 (0ms)
			AwakeInstancesAfterBackupRestoration (6ms)
Platform modules already initialized, skipping
Refreshing native plugins compatible for Editor in 1.54 ms, found 3 plugins.
Preloading 0 native plugins for Editor in 0.00 ms.
Unloading 3169 Unused Serialized files (Serialized files now loaded: 0)
Unloading 40 unused Assets / (1.9 MB). Loaded Objects now: 3721.
Memory consumption went from 122.8 MB to 121.0 MB.
Total: 4.107000 ms (FindLiveObjects: 0.290700 ms CreateObjectMapping: 0.102500 ms MarkObjects: 2.509800 ms  DeleteObjects: 1.202100 ms)

AssetImportParameters requested are different than current active one (requested -> active):
  custom:video-decoder-ogg-theora: a1e56fd34408186e4bbccfd4996cb3dc -> 
  custom:container-muxer-webm: aa71ff27fc2769a1b78a27578f13a17b -> 
  custom:container-demuxer-webm: 4f35f7cbe854078d1ac9338744f61a02 -> 
  custom:video-encoder-webm-vp8: eb34c28f22e8b96e1ab97ce403110664 -> 
  custom:video-codec-MediaFoundation-h265: 746d11721c4dcdbdad8f713fa42b33f4 -> 
  custom:audio-encoder-webm-vorbis: bf7c407c2cedff20999df2af8eb42d56 -> 
  custom:framework-win-MediaFoundation: 216162199b28c13a410421893ffa2e32 -> 
  custom:container-demuxer-ogg: 62fdf1f143b41e24485cea50d1cbac27 -> 
  custom:video-decoder-webm-vp8: 9c59270c3fd7afecdb556c50c9e8de78 -> 
  custom:audio-decoder-ogg-vorbis: bf7c407c2cedff20999df2af8eb42d56 -> 
========================================================================
Received Import Request.
  Time since last request: 3892.143741 seconds.
  path: Assets/HQ Hangar Free/Scene/SampleScenePostProcessingSettings 1.asset
  artifactKey: Guid(5971749ce91e000478c2e6203ef0290f) Importer(815301076,1909f56bfc062723c751e8b465ee728b)
Start importing Assets/HQ Hangar Free/Scene/SampleScenePostProcessingSettings 1.asset using Guid(5971749ce91e000478c2e6203ef0290f) Importer(815301076,1909f56bfc062723c751e8b465ee728b)  -> (artifact id: 'b79e719345960bc5789cd89467f5577c') in 0.323330 seconds 
========================================================================
Received Import Request.
  Time since last request: 4.740103 seconds.
  path: Assets/HQ Hangar Free/Scene/ExampleScene/Lightmap-0_comp_dir.png
  artifactKey: Guid(3786116abd3881542856013fde03abdd) Importer(815301076,1909f56bfc062723c751e8b465ee728b)
Start importing Assets/HQ Hangar Free/Scene/ExampleScene/Lightmap-0_comp_dir.png using Guid(3786116abd3881542856013fde03abdd) Importer(815301076,1909f56bfc062723c751e8b465ee728b)  -> (artifact id: 'be7b2fa6472e1d34247b7c0b1d892599') in 0.358740 seconds 
========================================================================
Received Import Request.
  Time since last request: 0.000031 seconds.
  path: Assets/HQ Hangar Free/Scene/ExampleScene/Lightmap-13_comp_dir.png
  artifactKey: Guid(44d9f0a8b69e91344a986cf193e07934) Importer(815301076,1909f56bfc062723c751e8b465ee728b)
Start importing Assets/HQ Hangar Free/Scene/ExampleScene/Lightmap-13_comp_dir.png using Guid(44d9f0a8b69e91344a986cf193e07934) Importer(815301076,1909f56bfc062723c751e8b465ee728b)  -> (artifact id: 'cd7d5f81c1c42ccb115b167d910b0bc2') in 0.018350 seconds 
========================================================================
Received Import Request.
  Time since last request: 0.000069 seconds.
  path: Assets/HQ Hangar Free/Scene/ExampleScene/Lightmap-19_comp_light.exr
  artifactKey: Guid(5d778da096172d6448ee15fc97717036) Importer(815301076,1909f56bfc062723c751e8b465ee728b)
Start importing Assets/HQ Hangar Free/Scene/ExampleScene/Lightmap-19_comp_light.exr using Guid(5d778da096172d6448ee15fc97717036) Importer(815301076,1909f56bfc062723c751e8b465ee728b)  -> (artifact id: '50776805b6c5941d394aee2ce3b1f245') in 0.071942 seconds 
========================================================================
Received Import Request.
  Time since last request: 0.000034 seconds.
  path: Assets/HQ Hangar Free/Scene/ExampleScene/Lightmap-11_comp_light.exr
  artifactKey: Guid(da4c18e008ef0f74ab09b94197170e32) Importer(815301076,1909f56bfc062723c751e8b465ee728b)
Start importing Assets/HQ Hangar Free/Scene/ExampleScene/Lightmap-11_comp_light.exr using Guid(da4c18e008ef0f74ab09b94197170e32) Importer(815301076,1909f56bfc062723c751e8b465ee728b)  -> (artifact id: '4b5c0607b7bf5b3cb9fb1577d524fe58') in 0.023363 seconds 
========================================================================
Received Import Request.
  Time since last request: 0.000058 seconds.
  path: Assets/HQ Hangar Free/Scene/ExampleScene/Lightmap-9_comp_light.exr
  artifactKey: Guid(222328dc8b025564ba55728db52f3ea2) Importer(815301076,1909f56bfc062723c751e8b465ee728b)
Start importing Assets/HQ Hangar Free/Scene/ExampleScene/Lightmap-9_comp_light.exr using Guid(222328dc8b025564ba55728db52f3ea2) Importer(815301076,1909f56bfc062723c751e8b465ee728b)  -> (artifact id: 'aa4a9621d52ff5c42f0ed653195f9ebb') in 0.027141 seconds 
========================================================================
Received Import Request.
  Time since last request: 0.000028 seconds.
  path: Assets/HQ Hangar Free/Scene/ExampleScene/Lightmap-15_comp_light.exr
  artifactKey: Guid(241cd6d195237af45a93878b9316292a) Importer(815301076,1909f56bfc062723c751e8b465ee728b)
Start importing Assets/HQ Hangar Free/Scene/ExampleScene/Lightmap-15_comp_light.exr using Guid(241cd6d195237af45a93878b9316292a) Importer(815301076,1909f56bfc062723c751e8b465ee728b)  -> (artifact id: '60f802c3acc100868a7db9cf4639ce72') in 0.029893 seconds 
========================================================================
Received Import Request.
  Time since last request: 0.000043 seconds.
  path: Assets/HQ Hangar Free/Scene/ExampleScene/Lightmap-6_comp_dir.png
  artifactKey: Guid(4411676b7a4111548aa42d8499ec20e8) Importer(815301076,1909f56bfc062723c751e8b465ee728b)
Start importing Assets/HQ Hangar Free/Scene/ExampleScene/Lightmap-6_comp_dir.png using Guid(4411676b7a4111548aa42d8499ec20e8) Importer(815301076,1909f56bfc062723c751e8b465ee728b)  -> (artifact id: '0a876615e3f334edbdbe004ef580609e') in 0.026763 seconds 
========================================================================
Received Import Request.
  Time since last request: 0.000033 seconds.
  path: Assets/HQ Hangar Free/Scene/ExampleScene/Lightmap-14_comp_light.exr
  artifactKey: Guid(fd1c58679329e7d43b7c7a84e5698125) Importer(815301076,1909f56bfc062723c751e8b465ee728b)
Start importing Assets/HQ Hangar Free/Scene/ExampleScene/Lightmap-14_comp_light.exr using Guid(fd1c58679329e7d43b7c7a84e5698125) Importer(815301076,1909f56bfc062723c751e8b465ee728b)  -> (artifact id: '24ad46a042a86a2a02029fcf635f112c') in 0.027784 seconds 
========================================================================
Received Import Request.
  Time since last request: 0.000067 seconds.
  path: Assets/HQ Hangar Free/Scene/ExampleScene/Lightmap-4_comp_light.exr
  artifactKey: Guid(5a7cdf7daead6d64eb06e751258dca5e) Importer(815301076,1909f56bfc062723c751e8b465ee728b)
Start importing Assets/HQ Hangar Free/Scene/ExampleScene/Lightmap-4_comp_light.exr using Guid(5a7cdf7daead6d64eb06e751258dca5e) Importer(815301076,1909f56bfc062723c751e8b465ee728b)  -> (artifact id: '2b920611a4434fa6bdfea3b5991407d3') in 0.028157 seconds 
========================================================================
Received Import Request.
  Time since last request: 0.000047 seconds.
  path: Assets/HQ Hangar Free/Scene/ExampleScene/Lightmap-21_comp_dir.png
  artifactKey: Guid(89fe457a8cc30b1498ddbb9b55349cf1) Importer(815301076,1909f56bfc062723c751e8b465ee728b)
Start importing Assets/HQ Hangar Free/Scene/ExampleScene/Lightmap-21_comp_dir.png using Guid(89fe457a8cc30b1498ddbb9b55349cf1) Importer(815301076,1909f56bfc062723c751e8b465ee728b)  -> (artifact id: '52691bdbbf332f87f26b0e84d7b694fe') in 0.024813 seconds 
========================================================================
Received Import Request.
  Time since last request: 0.000047 seconds.
  path: Assets/HQ Hangar Free/Scene/ExampleScene/Lightmap-22_comp_light.exr
  artifactKey: Guid(e3108df2017eaa74f922b812bc81a1fb) Importer(815301076,1909f56bfc062723c751e8b465ee728b)
Start importing Assets/HQ Hangar Free/Scene/ExampleScene/Lightmap-22_comp_light.exr using Guid(e3108df2017eaa74f922b812bc81a1fb) Importer(815301076,1909f56bfc062723c751e8b465ee728b)  -> (artifact id: '97db800221a5eb77f476e37129e79672') in 0.025350 seconds 
========================================================================
Received Import Request.
  Time since last request: 0.000041 seconds.
  path: Assets/HQ Hangar Free/Scene/ExampleScene/Lightmap-16_comp_light.exr
  artifactKey: Guid(a0c5c858a76f0ce41a9c47116e5ba2d7) Importer(815301076,1909f56bfc062723c751e8b465ee728b)
Start importing Assets/HQ Hangar Free/Scene/ExampleScene/Lightmap-16_comp_light.exr using Guid(a0c5c858a76f0ce41a9c47116e5ba2d7) Importer(815301076,1909f56bfc062723c751e8b465ee728b)  -> (artifact id: 'b6932adc688f892336a42bac337847d8') in 0.019894 seconds 
========================================================================
Received Import Request.
  Time since last request: 0.000098 seconds.
  path: Assets/HQ Hangar Free/Scene/ExampleScene/Lightmap-23_comp_dir.png
  artifactKey: Guid(fc02fbda645c345478d2ff264dc02609) Importer(815301076,1909f56bfc062723c751e8b465ee728b)
Start importing Assets/HQ Hangar Free/Scene/ExampleScene/Lightmap-23_comp_dir.png using Guid(fc02fbda645c345478d2ff264dc02609) Importer(815301076,1909f56bfc062723c751e8b465ee728b)  -> (artifact id: '3c43b236af3d8760f8e9e73ac4b957f0') in 0.021550 seconds 
========================================================================
Received Import Request.
  Time since last request: 0.000067 seconds.
  path: Assets/HQ Hangar Free/Scene/ExampleScene/Lightmap-20_comp_light.exr
  artifactKey: Guid(1d7264083ef0361438d39632340fbbf0) Importer(815301076,1909f56bfc062723c751e8b465ee728b)
Start importing Assets/HQ Hangar Free/Scene/ExampleScene/Lightmap-20_comp_light.exr using Guid(1d7264083ef0361438d39632340fbbf0) Importer(815301076,1909f56bfc062723c751e8b465ee728b)  -> (artifact id: 'e44db2aa15ae369bc7eff1a694b7031d') in 0.017652 seconds 
========================================================================
Received Import Request.
  Time since last request: 0.000032 seconds.
  path: Assets/HQ Hangar Free/Scene/ExampleScene/Lightmap-11_comp_dir.png
  artifactKey: Guid(0c23362ee074b6a4f845b50c2bed9d3a) Importer(815301076,1909f56bfc062723c751e8b465ee728b)
Start importing Assets/HQ Hangar Free/Scene/ExampleScene/Lightmap-11_comp_dir.png using Guid(0c23362ee074b6a4f845b50c2bed9d3a) Importer(815301076,1909f56bfc062723c751e8b465ee728b)  -> (artifact id: '095635b1e382e38b5208cca8db4644b8') in 0.026578 seconds 
========================================================================
Received Import Request.
  Time since last request: 0.000050 seconds.
  path: Assets/HQ Hangar Free/Scene/ExampleScene/Lightmap-8_comp_dir.png
  artifactKey: Guid(9b6a81117a2238246acb71475770b078) Importer(815301076,1909f56bfc062723c751e8b465ee728b)
Start importing Assets/HQ Hangar Free/Scene/ExampleScene/Lightmap-8_comp_dir.png using Guid(9b6a81117a2238246acb71475770b078) Importer(815301076,1909f56bfc062723c751e8b465ee728b)  -> (artifact id: '39245f3c852e30a8913a74791f3bb821') in 0.030074 seconds 
========================================================================
Received Import Request.
  Time since last request: 0.000040 seconds.
  path: Assets/HQ Hangar Free/Scene/ExampleScene/Lightmap-23_comp_light.exr
  artifactKey: Guid(34eae6263b8258747b09c3038b56d71e) Importer(815301076,1909f56bfc062723c751e8b465ee728b)
Start importing Assets/HQ Hangar Free/Scene/ExampleScene/Lightmap-23_comp_light.exr using Guid(34eae6263b8258747b09c3038b56d71e) Importer(815301076,1909f56bfc062723c751e8b465ee728b)  -> (artifact id: '5662024aab9d219d55eb99e2ec1a9cb6') in 0.027695 seconds 
========================================================================
Received Import Request.
  Time since last request: 0.000032 seconds.
  path: Assets/HQ Hangar Free/Scene/ExampleScene/Lightmap-3_comp_dir.png
  artifactKey: Guid(eb52a6481239cd147b4d29aad63f43f8) Importer(815301076,1909f56bfc062723c751e8b465ee728b)
Start importing Assets/HQ Hangar Free/Scene/ExampleScene/Lightmap-3_comp_dir.png using Guid(eb52a6481239cd147b4d29aad63f43f8) Importer(815301076,1909f56bfc062723c751e8b465ee728b)  -> (artifact id: '69d195dfddd656da84b9b14f7d5796c0') in 0.025582 seconds 
========================================================================
Received Import Request.
  Time since last request: 0.000103 seconds.
  path: Assets/HQ Hangar Free/Scene/ExampleScene/Lightmap-12_comp_light.exr
  artifactKey: Guid(c5d812724c4fa154eb4f4771358d460c) Importer(815301076,1909f56bfc062723c751e8b465ee728b)
Start importing Assets/HQ Hangar Free/Scene/ExampleScene/Lightmap-12_comp_light.exr using Guid(c5d812724c4fa154eb4f4771358d460c) Importer(815301076,1909f56bfc062723c751e8b465ee728b)  -> (artifact id: 'e2f14bd4a3f828785edd9b8ef4dcd91a') in 0.028085 seconds 
========================================================================
Received Import Request.
  Time since last request: 0.000038 seconds.
  path: Assets/HQ Hangar Free/Scene/ExampleScene/Lightmap-18_comp_dir.png
  artifactKey: Guid(0d56d5f5790ff17498b1467f12145b91) Importer(815301076,1909f56bfc062723c751e8b465ee728b)
Start importing Assets/HQ Hangar Free/Scene/ExampleScene/Lightmap-18_comp_dir.png using Guid(0d56d5f5790ff17498b1467f12145b91) Importer(815301076,1909f56bfc062723c751e8b465ee728b)  -> (artifact id: '080c950d5c7bb5450819c4bb22c377ba') in 0.027211 seconds 
========================================================================
Received Import Request.
  Time since last request: 0.000064 seconds.
  path: Assets/HQ Hangar Free/Scene/ExampleScene/Lightmap-26_comp_light.exr
  artifactKey: Guid(186fc8a31cd6964409fa67a2208b1253) Importer(815301076,1909f56bfc062723c751e8b465ee728b)
Start importing Assets/HQ Hangar Free/Scene/ExampleScene/Lightmap-26_comp_light.exr using Guid(186fc8a31cd6964409fa67a2208b1253) Importer(815301076,1909f56bfc062723c751e8b465ee728b)  -> (artifact id: 'aaa60367a88884aa5d9c8c2af3d83c6f') in 0.024889 seconds 
========================================================================
Received Import Request.
  Time since last request: 0.000027 seconds.
  path: Assets/HQ Hangar Free/Scene/ExampleScene/Lightmap-28_comp_light.exr
  artifactKey: Guid(0224a357093475a44a0416aaa0a370e8) Importer(815301076,1909f56bfc062723c751e8b465ee728b)
Start importing Assets/HQ Hangar Free/Scene/ExampleScene/Lightmap-28_comp_light.exr using Guid(0224a357093475a44a0416aaa0a370e8) Importer(815301076,1909f56bfc062723c751e8b465ee728b)  -> (artifact id: 'db6f0d6a3bdca1d7314e10f6cd8f89a5') in 0.030980 seconds 
========================================================================
Received Import Request.
  Time since last request: 0.000082 seconds.
  path: Assets/HQ Hangar Free/Scene/ExampleScene/Lightmap-26_comp_dir.png
  artifactKey: Guid(ed543019bec7f964aa43061b03101247) Importer(815301076,1909f56bfc062723c751e8b465ee728b)
Start importing Assets/HQ Hangar Free/Scene/ExampleScene/Lightmap-26_comp_dir.png using Guid(ed543019bec7f964aa43061b03101247) Importer(815301076,1909f56bfc062723c751e8b465ee728b)  -> (artifact id: 'b2b7afba825a761deab344ffebe76b61') in 0.026312 seconds 
========================================================================
Received Import Request.
  Time since last request: 0.000037 seconds.
  path: Assets/HQ Hangar Free/Scene/ExampleScene/Lightmap-24_comp_dir.png
  artifactKey: Guid(08f6b96fc30d8de43b1c663e3a04b41b) Importer(815301076,1909f56bfc062723c751e8b465ee728b)
Start importing Assets/HQ Hangar Free/Scene/ExampleScene/Lightmap-24_comp_dir.png using Guid(08f6b96fc30d8de43b1c663e3a04b41b) Importer(815301076,1909f56bfc062723c751e8b465ee728b)  -> (artifact id: '14986fb998936e76f39ec9b30c75cf00') in 0.023308 seconds 
========================================================================
Received Import Request.
  Time since last request: 0.000059 seconds.
  path: Assets/HQ Hangar Free/Scene/ExampleScene/Lightmap-34_comp_dir.png
  artifactKey: Guid(64574de694af4794596877f6faded00e) Importer(815301076,1909f56bfc062723c751e8b465ee728b)
Start importing Assets/HQ Hangar Free/Scene/ExampleScene/Lightmap-34_comp_dir.png using Guid(64574de694af4794596877f6faded00e) Importer(815301076,1909f56bfc062723c751e8b465ee728b)  -> (artifact id: '830778a5df2d94f4ec73787e779aec7f') in 0.025648 seconds 
========================================================================
Received Import Request.
  Time since last request: 0.000028 seconds.
  path: Assets/HQ Hangar Free/Scene/ExampleScene/Lightmap-30_comp_dir.png
  artifactKey: Guid(4baa341112171c04db4e0d25440bf5db) Importer(815301076,1909f56bfc062723c751e8b465ee728b)
Start importing Assets/HQ Hangar Free/Scene/ExampleScene/Lightmap-30_comp_dir.png using Guid(4baa341112171c04db4e0d25440bf5db) Importer(815301076,1909f56bfc062723c751e8b465ee728b)  -> (artifact id: '638afb2eb94d91766b3982257d2b0012') in 0.017781 seconds 
========================================================================
Received Import Request.
  Time since last request: 0.000052 seconds.
  path: Assets/HQ Hangar Free/Scene/ExampleScene/Lightmap-30_comp_light.exr
  artifactKey: Guid(642a11d4cc2416949bce08701ded5bd7) Importer(815301076,1909f56bfc062723c751e8b465ee728b)
Start importing Assets/HQ Hangar Free/Scene/ExampleScene/Lightmap-30_comp_light.exr using Guid(642a11d4cc2416949bce08701ded5bd7) Importer(815301076,1909f56bfc062723c751e8b465ee728b)  -> (artifact id: 'f77d6d959436ae26e190d641a8e978a2') in 0.022504 seconds 
========================================================================
Received Import Request.
  Time since last request: 0.000055 seconds.
  path: Assets/HQ Hangar Free/Scene/ExampleScene/Lightmap-40_comp_dir.png
  artifactKey: Guid(390c08cd560085245adba7904c200067) Importer(815301076,1909f56bfc062723c751e8b465ee728b)
Start importing Assets/HQ Hangar Free/Scene/ExampleScene/Lightmap-40_comp_dir.png using Guid(390c08cd560085245adba7904c200067) Importer(815301076,1909f56bfc062723c751e8b465ee728b)  -> (artifact id: 'a9e2997bb984f9bd4a4e2cfa93e698f3') in 0.021896 seconds 
========================================================================
Received Import Request.
  Time since last request: 0.000073 seconds.
  path: Assets/HQ Hangar Free/Scene/ExampleScene/Lightmap-37_comp_light.exr
  artifactKey: Guid(3bfa0dec102abe647b06c31bfd3aee55) Importer(815301076,1909f56bfc062723c751e8b465ee728b)
Start importing Assets/HQ Hangar Free/Scene/ExampleScene/Lightmap-37_comp_light.exr using Guid(3bfa0dec102abe647b06c31bfd3aee55) Importer(815301076,1909f56bfc062723c751e8b465ee728b)  -> (artifact id: '7b812df715f16100e0c06e1231dd206b') in 0.022607 seconds 
========================================================================
Received Import Request.
  Time since last request: 0.000084 seconds.
  path: Assets/HQ Hangar Free/Scene/ExampleScene/Lightmap-36_comp_dir.png
  artifactKey: Guid(65411109a946c8a448a0191b7b277c67) Importer(815301076,1909f56bfc062723c751e8b465ee728b)
Start importing Assets/HQ Hangar Free/Scene/ExampleScene/Lightmap-36_comp_dir.png using Guid(65411109a946c8a448a0191b7b277c67) Importer(815301076,1909f56bfc062723c751e8b465ee728b)  -> (artifact id: '358cb7b91f79732f921e38a709e4a51e') in 0.020970 seconds 
========================================================================
Received Import Request.
  Time since last request: 0.000069 seconds.
  path: Assets/HQ Hangar Free/Scene/ExampleScene/Lightmap-40_comp_light.exr
  artifactKey: Guid(24744d183f396134288f07ab130040c4) Importer(815301076,1909f56bfc062723c751e8b465ee728b)
Start importing Assets/HQ Hangar Free/Scene/ExampleScene/Lightmap-40_comp_light.exr using Guid(24744d183f396134288f07ab130040c4) Importer(815301076,1909f56bfc062723c751e8b465ee728b)  -> (artifact id: '4f77086b91220c5df341d9934b636b72') in 0.023428 seconds 
========================================================================
Received Import Request.
  Time since last request: 0.000059 seconds.
  path: Assets/HQ Hangar Free/Scene/ExampleScene/Lightmap-41_comp_dir.png
  artifactKey: Guid(82db31703e66fe7478ad0865142fa85d) Importer(815301076,1909f56bfc062723c751e8b465ee728b)
Start importing Assets/HQ Hangar Free/Scene/ExampleScene/Lightmap-41_comp_dir.png using Guid(82db31703e66fe7478ad0865142fa85d) Importer(815301076,1909f56bfc062723c751e8b465ee728b)  -> (artifact id: 'abbae45a312eae6aeb41918b27e88c76') in 0.026751 seconds 
========================================================================
Received Import Request.
  Time since last request: 0.000032 seconds.
  path: Assets/HQ Hangar Free/Scene/ExampleScene/Lightmap-27_comp_light.exr
  artifactKey: Guid(fc8dacd9783e0c6469082c97856a3cb6) Importer(815301076,1909f56bfc062723c751e8b465ee728b)
Start importing Assets/HQ Hangar Free/Scene/ExampleScene/Lightmap-27_comp_light.exr using Guid(fc8dacd9783e0c6469082c97856a3cb6) Importer(815301076,1909f56bfc062723c751e8b465ee728b)  -> (artifact id: 'be08e4174c9c0ff0f1cd2916643ccc42') in 0.024509 seconds 
========================================================================
Received Import Request.
  Time since last request: 0.000189 seconds.
  path: Assets/HQ Hangar Free/Scene/ExampleScene/Lightmap-36_comp_light.exr
  artifactKey: Guid(2435754b48b1fb54b94ac13d04172f6d) Importer(815301076,1909f56bfc062723c751e8b465ee728b)
Start importing Assets/HQ Hangar Free/Scene/ExampleScene/Lightmap-36_comp_light.exr using Guid(2435754b48b1fb54b94ac13d04172f6d) Importer(815301076,1909f56bfc062723c751e8b465ee728b)  -> (artifact id: 'e94b8d8d42d87a9cf007da4300e56731') in 0.028281 seconds 
========================================================================
Received Import Request.
  Time since last request: 0.000046 seconds.
  path: Assets/HQ Hangar Free/Scene/ExampleScene/Lightmap-31_comp_light.exr
  artifactKey: Guid(72f8157ff2b96764485a704a78a13cfb) Importer(815301076,1909f56bfc062723c751e8b465ee728b)
Start importing Assets/HQ Hangar Free/Scene/ExampleScene/Lightmap-31_comp_light.exr using Guid(72f8157ff2b96764485a704a78a13cfb) Importer(815301076,1909f56bfc062723c751e8b465ee728b)  -> (artifact id: 'd6f57acf6f0c8b830f9fd7f412026f53') in 0.027171 seconds 
========================================================================
Received Import Request.
  Time since last request: 0.000052 seconds.
  path: Assets/HQ Hangar Free/Scene/ExampleScene/Lightmap-19_comp_dir.png
  artifactKey: Guid(f7c72366d26446346b707b41efafac64) Importer(815301076,1909f56bfc062723c751e8b465ee728b)
Start importing Assets/HQ Hangar Free/Scene/ExampleScene/Lightmap-19_comp_dir.png using Guid(f7c72366d26446346b707b41efafac64) Importer(815301076,1909f56bfc062723c751e8b465ee728b)  -> (artifact id: 'cc645f7b6e9b5c097865848215a3e43c') in 0.026139 seconds 
========================================================================
Received Import Request.
  Time since last request: 0.000028 seconds.
  path: Assets/HQ Hangar Free/Scene/ExampleScene/Lightmap-32_comp_light.exr
  artifactKey: Guid(1d7eb00f331096f4496fa96d213e547e) Importer(815301076,1909f56bfc062723c751e8b465ee728b)
Start importing Assets/HQ Hangar Free/Scene/ExampleScene/Lightmap-32_comp_light.exr using Guid(1d7eb00f331096f4496fa96d213e547e) Importer(815301076,1909f56bfc062723c751e8b465ee728b)  -> (artifact id: '55f87897eb264c533a913ab81f54f22a') in 0.024456 seconds 
========================================================================
Received Import Request.
  Time since last request: 0.000045 seconds.
  path: Assets/HQ Hangar Free/Scene/ExampleScene/Lightmap-2_comp_dir.png
  artifactKey: Guid(1179346c8c8239744b871ad5ea7eb542) Importer(815301076,1909f56bfc062723c751e8b465ee728b)
Start importing Assets/HQ Hangar Free/Scene/ExampleScene/Lightmap-2_comp_dir.png using Guid(1179346c8c8239744b871ad5ea7eb542) Importer(815301076,1909f56bfc062723c751e8b465ee728b)  -> (artifact id: 'cc424e53e931ce27fd37bf4b08032b8c') in 0.020740 seconds 
========================================================================
Received Import Request.
  Time since last request: 0.000022 seconds.
  path: Assets/HQ Hangar Free/Scene/ExampleScene/Lightmap-15_comp_dir.png
  artifactKey: Guid(02fb156cf27ce6f4cae69cd8fec84744) Importer(815301076,1909f56bfc062723c751e8b465ee728b)
Start importing Assets/HQ Hangar Free/Scene/ExampleScene/Lightmap-15_comp_dir.png using Guid(02fb156cf27ce6f4cae69cd8fec84744) Importer(815301076,1909f56bfc062723c751e8b465ee728b)  -> (artifact id: 'e68cb68f64967cbe41a8166c7f636162') in 0.025769 seconds 
========================================================================
Received Import Request.
  Time since last request: 0.000067 seconds.
  path: Assets/HQ Hangar Free/Scene/ExampleScene/Lightmap-29_comp_dir.png
  artifactKey: Guid(f2f690cfbae71794596344d9205a9111) Importer(815301076,1909f56bfc062723c751e8b465ee728b)
Start importing Assets/HQ Hangar Free/Scene/ExampleScene/Lightmap-29_comp_dir.png using Guid(f2f690cfbae71794596344d9205a9111) Importer(815301076,1909f56bfc062723c751e8b465ee728b)  -> (artifact id: 'e2c1f1580e1562c315199d7e9644beda') in 0.029887 seconds 
========================================================================
Received Import Request.
  Time since last request: 0.000053 seconds.
  path: Assets/HQ Hangar Free/Scene/ExampleScene/Lightmap-33_comp_dir.png
  artifactKey: Guid(32a3c5892ee352f4c91d845d9f312c34) Importer(815301076,1909f56bfc062723c751e8b465ee728b)
Start importing Assets/HQ Hangar Free/Scene/ExampleScene/Lightmap-33_comp_dir.png using Guid(32a3c5892ee352f4c91d845d9f312c34) Importer(815301076,1909f56bfc062723c751e8b465ee728b)  -> (artifact id: 'd1e35ee55988f51132bbf1ae5aea14f9') in 0.023739 seconds 
========================================================================
Received Import Request.
  Time since last request: 0.000048 seconds.
  path: Assets/HQ Hangar Free/Scene/ExampleScene/Lightmap-20_comp_dir.png
  artifactKey: Guid(371dde854f0a4ab478ef999d480478f3) Importer(815301076,1909f56bfc062723c751e8b465ee728b)
Start importing Assets/HQ Hangar Free/Scene/ExampleScene/Lightmap-20_comp_dir.png using Guid(371dde854f0a4ab478ef999d480478f3) Importer(815301076,1909f56bfc062723c751e8b465ee728b)  -> (artifact id: '8361bd27677e751e6ddca8e6e9bebe9f') in 0.027699 seconds 
========================================================================
Received Import Request.
  Time since last request: 0.000034 seconds.
  path: Assets/HQ Hangar Free/Scene/ExampleScene/Lightmap-35_comp_dir.png
  artifactKey: Guid(3a6c8694e5d22414283eb74736db2624) Importer(815301076,1909f56bfc062723c751e8b465ee728b)
Start importing Assets/HQ Hangar Free/Scene/ExampleScene/Lightmap-35_comp_dir.png using Guid(3a6c8694e5d22414283eb74736db2624) Importer(815301076,1909f56bfc062723c751e8b465ee728b)  -> (artifact id: '03bf59a4de47f58603326a55166ec427') in 0.026181 seconds 
========================================================================
Received Import Request.
  Time since last request: 0.000039 seconds.
  path: Assets/HQ Hangar Free/Scene/ExampleScene/Lightmap-17_comp_light.exr
  artifactKey: Guid(c080766be450c8145900b5e1e0d14f3d) Importer(815301076,1909f56bfc062723c751e8b465ee728b)
Start importing Assets/HQ Hangar Free/Scene/ExampleScene/Lightmap-17_comp_light.exr using Guid(c080766be450c8145900b5e1e0d14f3d) Importer(815301076,1909f56bfc062723c751e8b465ee728b)  -> (artifact id: '85351a3b5c78ec5266e315e006413ce1') in 0.022454 seconds 
========================================================================
Received Import Request.
  Time since last request: 4.407903 seconds.
  path: Assets/HQ Hangar Free/Materials/Glass.mat
  artifactKey: Guid(864f3c81f8e2c5a4386e7ef3e6ab2c9c) Importer(815301076,1909f56bfc062723c751e8b465ee728b)
Start importing Assets/HQ Hangar Free/Materials/Glass.mat using Guid(864f3c81f8e2c5a4386e7ef3e6ab2c9c) Importer(815301076,1909f56bfc062723c751e8b465ee728b)  -> (artifact id: 'af481b01377ce39de2166d89c54b8f08') in 0.106580 seconds 
========================================================================
Received Import Request.
  Time since last request: 0.000046 seconds.
  path: Assets/HQ Hangar Free/Materials/Metals_trim.mat
  artifactKey: Guid(b6ea9ca3819cebc42a9e3d2ac2893913) Importer(815301076,1909f56bfc062723c751e8b465ee728b)
Start importing Assets/HQ Hangar Free/Materials/Metals_trim.mat using Guid(b6ea9ca3819cebc42a9e3d2ac2893913) Importer(815301076,1909f56bfc062723c751e8b465ee728b)  -> (artifact id: '5d9b9af4449fab236421f78cdf626323') in 0.050259 seconds 
========================================================================
Received Import Request.
  Time since last request: 5.737221 seconds.
  path: Assets/HQ Hangar Free/Prefabs/Hangar_part_01.prefab
  artifactKey: Guid(4fbefc7b93407ce4c9601f64d1bf35a2) Importer(815301076,1909f56bfc062723c751e8b465ee728b)
Start importing Assets/HQ Hangar Free/Prefabs/Hangar_part_01.prefab using Guid(4fbefc7b93407ce4c9601f64d1bf35a2) Importer(815301076,1909f56bfc062723c751e8b465ee728b)  -> (artifact id: '5f36c47eb4dd9ef12a00314c2f8fee5e') in 0.135139 seconds 
========================================================================
Received Import Request.
  Time since last request: 0.000068 seconds.
  path: Assets/HQ Hangar Free/Prefabs/Hangar_part_04.prefab
  artifactKey: Guid(ebf1084dd427fdf47bcda95f4d7d960c) Importer(815301076,1909f56bfc062723c751e8b465ee728b)
Start importing Assets/HQ Hangar Free/Prefabs/Hangar_part_04.prefab using Guid(ebf1084dd427fdf47bcda95f4d7d960c) Importer(815301076,1909f56bfc062723c751e8b465ee728b)  -> (artifact id: 'f1873f841bf644a2d90ef8790a2dd294') in 0.044446 seconds 
========================================================================
Received Import Request.
  Time since last request: 6.757866 seconds.
  path: Assets/HQ Hangar Free/Textures/Glass/Glass_MaskMap.png
  artifactKey: Guid(21573b8d07711334c8d74f9a45581a7d) Importer(815301076,1909f56bfc062723c751e8b465ee728b)
Start importing Assets/HQ Hangar Free/Textures/Glass/Glass_MaskMap.png using Guid(21573b8d07711334c8d74f9a45581a7d) Importer(815301076,1909f56bfc062723c751e8b465ee728b)  -> (artifact id: '1b2215ee3d84f3cf2e4d9a3125d13c9f') in 0.030093 seconds 
========================================================================
Received Import Request.
  Time since last request: 3.438035 seconds.
  path: Assets/HQ Hangar Free/Textures/Sheet_metal/Sheet_metal_MaskMap.png
  artifactKey: Guid(bb4dda482c43429449393b9f2cdd8696) Importer(815301076,1909f56bfc062723c751e8b465ee728b)
Start importing Assets/HQ Hangar Free/Textures/Sheet_metal/Sheet_metal_MaskMap.png using Guid(bb4dda482c43429449393b9f2cdd8696) Importer(815301076,1909f56bfc062723c751e8b465ee728b)  -> (artifact id: 'ac2a5731d2b3abb54f0e2ef2ccf36989') in 0.035832 seconds 
========================================================================
Received Import Request.
  Time since last request: 1.644843 seconds.
  path: Assets/HQ Hangar Free/Textures/Concrete_floor/Concrete_floor_smooth_MaskMap.png
  artifactKey: Guid(816e45ad9e3fcf143abeda9833eb3754) Importer(815301076,1909f56bfc062723c751e8b465ee728b)
Start importing Assets/HQ Hangar Free/Textures/Concrete_floor/Concrete_floor_smooth_MaskMap.png using Guid(816e45ad9e3fcf143abeda9833eb3754) Importer(815301076,1909f56bfc062723c751e8b465ee728b)  -> (artifact id: 'da1ee51f3b81366532e645376b4596ff') in 0.036206 seconds 
