Using pre-set license
Built from '2021.3/staging' branch; Version is '2021.3.24f1 (cf10dcf7010d) revision 13570268'; Using compiler version '192829333'; Build Type 'Release'
OS: 'Windows 11  (10.0.22621) 64bit CoreSingleLanguage' Language: 'tr' Physical Memory: 7971 MB
BatchMode: 1, IsHumanControllingUs: 0, StartBugReporterOnCrash: 0, Is64bit: 1, IsPro: 1

COMMAND LINE ARGUMENTS:
C:\Program Files\Unity\Hub\Editor\2021.3.24f1\Editor\Unity.exe
-adb2
-batchMode
-noUpm
-name
AssetImportWorker2
-projectPath
C:/Users/yasin/OneDrive/Belgeler/Win.War/Win-War
-logFile
Logs/AssetImportWorker2.log
-srvPort
54249
Successfully changed project path to: C:/Users/yasin/OneDrive/Belgeler/Win.War/Win-War
C:/Users/yasin/OneDrive/Belgeler/Win.War/Win-War
[UnityMemory] Configuration Parameters - Can be set up in boot.config
    "memorysetup-bucket-allocator-granularity=16"
    "memorysetup-bucket-allocator-bucket-count=8"
    "memorysetup-bucket-allocator-block-size=33554432"
    "memorysetup-bucket-allocator-block-count=8"
    "memorysetup-main-allocator-block-size=16777216"
    "memorysetup-thread-allocator-block-size=16777216"
    "memorysetup-gfx-main-allocator-block-size=16777216"
    "memorysetup-gfx-thread-allocator-block-size=16777216"
    "memorysetup-cache-allocator-block-size=4194304"
    "memorysetup-typetree-allocator-block-size=2097152"
    "memorysetup-profiler-bucket-allocator-granularity=16"
    "memorysetup-profiler-bucket-allocator-bucket-count=8"
    "memorysetup-profiler-bucket-allocator-block-size=33554432"
    "memorysetup-profiler-bucket-allocator-block-count=8"
    "memorysetup-profiler-allocator-block-size=16777216"
    "memorysetup-profiler-editor-allocator-block-size=1048576"
    "memorysetup-temp-allocator-size-main=16777216"
    "memorysetup-job-temp-allocator-block-size=2097152"
    "memorysetup-job-temp-allocator-block-size-background=1048576"
    "memorysetup-job-temp-allocator-reduction-small-platforms=262144"
    "memorysetup-temp-allocator-size-background-worker=32768"
    "memorysetup-temp-allocator-size-job-worker=262144"
    "memorysetup-temp-allocator-size-preload-manager=33554432"
    "memorysetup-temp-allocator-size-nav-mesh-worker=65536"
    "memorysetup-temp-allocator-size-audio-worker=65536"
    "memorysetup-temp-allocator-size-cloud-worker=32768"
    "memorysetup-temp-allocator-size-gi-baking-worker=262144"
    "memorysetup-temp-allocator-size-gfx=262144"
Player connection [18776] Host "[IP] 192.168.1.230 [Port] 0 [Flags] 2 [Guid] 2483803672 [EditorId] 2483803672 [Version] 1048832 [Id] WindowsEditor(7,Enes) [Debug] 1 [PackageName] WindowsEditor [ProjectName] Editor" joined multi-casting on [225.0.0.222:54997]...

Player connection [18776] Host "[IP] 192.168.1.230 [Port] 0 [Flags] 2 [Guid] 2483803672 [EditorId] 2483803672 [Version] 1048832 [Id] WindowsEditor(7,Enes) [Debug] 1 [PackageName] WindowsEditor [ProjectName] Editor" joined alternative multi-casting on [225.0.0.222:34997]...

Refreshing native plugins compatible for Editor in 88.23 ms, found 3 plugins.
Preloading 0 native plugins for Editor in 0.00 ms.
Initialize engine version: 2021.3.24f1 (cf10dcf7010d)
[Subsystems] Discovering subsystems at path C:/Program Files/Unity/Hub/Editor/2021.3.24f1/Editor/Data/Resources/UnitySubsystems
[Subsystems] Discovering subsystems at path C:/Users/yasin/OneDrive/Belgeler/Win.War/Win-War/Assets
GfxDevice: creating device client; threaded=0; jobified=0
Direct3D:
    Version:  Direct3D 11.0 [level 11.1]
    Renderer: NVIDIA GeForce RTX 3050 Ti Laptop GPU (ID=0x25a0)
    Vendor:   NVIDIA
    VRAM:     3976 MB
    Driver:   31.0.15.3598
Initialize mono
Mono path[0] = 'C:/Program Files/Unity/Hub/Editor/2021.3.24f1/Editor/Data/Managed'
Mono path[1] = 'C:/Program Files/Unity/Hub/Editor/2021.3.24f1/Editor/Data/MonoBleedingEdge/lib/mono/unityjit-win32'
Mono config path = 'C:/Program Files/Unity/Hub/Editor/2021.3.24f1/Editor/Data/MonoBleedingEdge/etc'
Using monoOptions --debugger-agent=transport=dt_socket,embedding=1,server=y,suspend=n,address=127.0.0.1:56576
Begin MonoManager ReloadAssembly
Registering precompiled unity dll's ...
Register platform support module: C:/Program Files/Unity/Hub/Editor/2021.3.24f1/Editor/Data/PlaybackEngines/WindowsStandaloneSupport/UnityEditor.WindowsStandalone.Extensions.dll
Registered in 0.005218 seconds.
Native extension for WindowsStandalone target not found
Refreshing native plugins compatible for Editor in 62.35 ms, found 3 plugins.
Preloading 0 native plugins for Editor in 0.00 ms.
Mono: successfully reloaded assembly
- Completed reload, in  0.582 seconds
Domain Reload Profiling:
	ReloadAssembly (583ms)
		BeginReloadAssembly (102ms)
			ExecutionOrderSort (0ms)
			DisableScriptedObjects (0ms)
			BackupInstance (0ms)
			ReleaseScriptingObjects (0ms)
			CreateAndSetChildDomain (1ms)
		EndReloadAssembly (386ms)
			LoadAssemblies (100ms)
			RebuildTransferFunctionScriptingTraits (0ms)
			SetupTypeCache (94ms)
			ReleaseScriptCaches (0ms)
			RebuildScriptCaches (25ms)
			SetupLoadedEditorAssemblies (224ms)
				LogAssemblyErrors (0ms)
				InitializePlatformSupportModulesInManaged (6ms)
				SetLoadedEditorAssemblies (0ms)
				RefreshPlugins (62ms)
				BeforeProcessingInitializeOnLoad (1ms)
				ProcessInitializeOnLoadAttributes (115ms)
				ProcessInitializeOnLoadMethodAttributes (39ms)
				AfterProcessingInitializeOnLoad (0ms)
				EditorAssembliesLoaded (0ms)
			ExecutionOrderSort2 (0ms)
			AwakeInstancesAfterBackupRestoration (0ms)
Platform modules already initialized, skipping
Registering precompiled user dll's ...
Registered in 0.003556 seconds.
Begin MonoManager ReloadAssembly
Symbol file LoadedFromMemory doesn't match image C:\Users\yasin\OneDrive\Belgeler\Win.War\Win-War\Library\PackageCache\com.unity.visualscripting@1.8.0\Editor\VisualScripting.Core\Dependencies\YamlDotNet\Unity.VisualScripting.YamlDotNet.dll
Symbol file LoadedFromMemory doesn't match image C:\Users\yasin\OneDrive\Belgeler\Win.War\Win-War\Library\PackageCache\com.unity.visualscripting@1.8.0\Editor\VisualScripting.Core\Dependencies\DotNetZip\Unity.VisualScripting.IonicZip.dll
Native extension for WindowsStandalone target not found
Refreshing native plugins compatible for Editor in 0.67 ms, found 3 plugins.
Preloading 0 native plugins for Editor in 0.00 ms.
Mono: successfully reloaded assembly
- Completed reload, in  0.923 seconds
Domain Reload Profiling:
	ReloadAssembly (924ms)
		BeginReloadAssembly (101ms)
			ExecutionOrderSort (0ms)
			DisableScriptedObjects (5ms)
			BackupInstance (0ms)
			ReleaseScriptingObjects (0ms)
			CreateAndSetChildDomain (19ms)
		EndReloadAssembly (725ms)
			LoadAssemblies (97ms)
			RebuildTransferFunctionScriptingTraits (0ms)
			SetupTypeCache (235ms)
			ReleaseScriptCaches (1ms)
			RebuildScriptCaches (57ms)
			SetupLoadedEditorAssemblies (295ms)
				LogAssemblyErrors (0ms)
				InitializePlatformSupportModulesInManaged (4ms)
				SetLoadedEditorAssemblies (0ms)
				RefreshPlugins (1ms)
				BeforeProcessingInitializeOnLoad (66ms)
				ProcessInitializeOnLoadAttributes (197ms)
				ProcessInitializeOnLoadMethodAttributes (22ms)
				AfterProcessingInitializeOnLoad (4ms)
				EditorAssembliesLoaded (0ms)
			ExecutionOrderSort2 (0ms)
			AwakeInstancesAfterBackupRestoration (6ms)
Platform modules already initialized, skipping
========================================================================
Worker process is ready to serve import requests
Launched and connected shader compiler UnityShaderCompiler.exe after 0.06 seconds
Refreshing native plugins compatible for Editor in 0.52 ms, found 3 plugins.
Preloading 0 native plugins for Editor in 0.00 ms.
Unloading 3203 Unused Serialized files (Serialized files now loaded: 0)
Unloading 36 unused Assets / (1.3 MB). Loaded Objects now: 3652.
Memory consumption went from 121.5 MB to 120.1 MB.
Total: 3.464200 ms (FindLiveObjects: 0.424400 ms CreateObjectMapping: 0.160200 ms MarkObjects: 2.595700 ms  DeleteObjects: 0.282300 ms)

AssetImportParameters requested are different than current active one (requested -> active):
  custom:video-decoder-ogg-theora: a1e56fd34408186e4bbccfd4996cb3dc -> 
  custom:container-muxer-webm: aa71ff27fc2769a1b78a27578f13a17b -> 
  custom:container-demuxer-webm: 4f35f7cbe854078d1ac9338744f61a02 -> 
  custom:video-encoder-webm-vp8: eb34c28f22e8b96e1ab97ce403110664 -> 
  custom:video-codec-MediaFoundation-h265: 746d11721c4dcdbdad8f713fa42b33f4 -> 
  custom:audio-encoder-webm-vorbis: bf7c407c2cedff20999df2af8eb42d56 -> 
  custom:framework-win-MediaFoundation: 216162199b28c13a410421893ffa2e32 -> 
  custom:container-demuxer-ogg: 62fdf1f143b41e24485cea50d1cbac27 -> 
  custom:video-decoder-webm-vp8: 9c59270c3fd7afecdb556c50c9e8de78 -> 
  custom:audio-decoder-ogg-vorbis: bf7c407c2cedff20999df2af8eb42d56 -> 
========================================================================
Received Import Request.
  Time since last request: 2933.242331 seconds.
  path: Assets/SlimUI/Modern Menu 1/Fonts/LATO-BOLD SDF.asset
  artifactKey: Guid(3199409928624324999b9336dd1ed8f3) Importer(815301076,1909f56bfc062723c751e8b465ee728b)
Start importing Assets/SlimUI/Modern Menu 1/Fonts/LATO-BOLD SDF.asset using Guid(3199409928624324999b9336dd1ed8f3) Importer(815301076,1909f56bfc062723c751e8b465ee728b)  -> (artifact id: '305a66bb90f5b665bd44c6262814bc45') in 0.157275 seconds 
========================================================================
Received Prepare
Registering precompiled user dll's ...
Registered in 0.005570 seconds.
Begin MonoManager ReloadAssembly
Symbol file LoadedFromMemory doesn't match image C:\Users\yasin\OneDrive\Belgeler\Win.War\Win-War\Library\PackageCache\com.unity.visualscripting@1.8.0\Editor\VisualScripting.Core\Dependencies\YamlDotNet\Unity.VisualScripting.YamlDotNet.dll
Symbol file LoadedFromMemory doesn't match image C:\Users\yasin\OneDrive\Belgeler\Win.War\Win-War\Library\PackageCache\com.unity.visualscripting@1.8.0\Editor\VisualScripting.Core\Dependencies\DotNetZip\Unity.VisualScripting.IonicZip.dll
Native extension for WindowsStandalone target not found
Refreshing native plugins compatible for Editor in 0.66 ms, found 3 plugins.
Preloading 0 native plugins for Editor in 0.00 ms.
Mono: successfully reloaded assembly
- Completed reload, in  0.984 seconds
Domain Reload Profiling:
	ReloadAssembly (987ms)
		BeginReloadAssembly (150ms)
			ExecutionOrderSort (0ms)
			DisableScriptedObjects (3ms)
			BackupInstance (0ms)
			ReleaseScriptingObjects (0ms)
			CreateAndSetChildDomain (41ms)
		EndReloadAssembly (744ms)
			LoadAssemblies (99ms)
			RebuildTransferFunctionScriptingTraits (0ms)
			SetupTypeCache (260ms)
			ReleaseScriptCaches (1ms)
			RebuildScriptCaches (47ms)
			SetupLoadedEditorAssemblies (303ms)
				LogAssemblyErrors (0ms)
				InitializePlatformSupportModulesInManaged (4ms)
				SetLoadedEditorAssemblies (0ms)
				RefreshPlugins (1ms)
				BeforeProcessingInitializeOnLoad (58ms)
				ProcessInitializeOnLoadAttributes (207ms)
				ProcessInitializeOnLoadMethodAttributes (27ms)
				AfterProcessingInitializeOnLoad (5ms)
				EditorAssembliesLoaded (1ms)
			ExecutionOrderSort2 (0ms)
			AwakeInstancesAfterBackupRestoration (7ms)
Platform modules already initialized, skipping
Refreshing native plugins compatible for Editor in 3.30 ms, found 3 plugins.
Preloading 0 native plugins for Editor in 0.00 ms.
Unloading 3158 Unused Serialized files (Serialized files now loaded: 0)
Unloading 29 unused Assets / (1.3 MB). Loaded Objects now: 3699.
Memory consumption went from 121.8 MB to 120.5 MB.
Total: 4.541900 ms (FindLiveObjects: 0.279300 ms CreateObjectMapping: 0.085700 ms MarkObjects: 3.831800 ms  DeleteObjects: 0.343400 ms)

AssetImportParameters requested are different than current active one (requested -> active):
  custom:video-decoder-ogg-theora: a1e56fd34408186e4bbccfd4996cb3dc -> 
  custom:container-muxer-webm: aa71ff27fc2769a1b78a27578f13a17b -> 
  custom:container-demuxer-webm: 4f35f7cbe854078d1ac9338744f61a02 -> 
  custom:video-encoder-webm-vp8: eb34c28f22e8b96e1ab97ce403110664 -> 
  custom:video-codec-MediaFoundation-h265: 746d11721c4dcdbdad8f713fa42b33f4 -> 
  custom:audio-encoder-webm-vorbis: bf7c407c2cedff20999df2af8eb42d56 -> 
  custom:framework-win-MediaFoundation: 216162199b28c13a410421893ffa2e32 -> 
  custom:container-demuxer-ogg: 62fdf1f143b41e24485cea50d1cbac27 -> 
  custom:video-decoder-webm-vp8: 9c59270c3fd7afecdb556c50c9e8de78 -> 
  custom:audio-decoder-ogg-vorbis: bf7c407c2cedff20999df2af8eb42d56 -> 
========================================================================
Received Prepare
Registering precompiled user dll's ...
Registered in 0.003066 seconds.
Begin MonoManager ReloadAssembly
Symbol file LoadedFromMemory doesn't match image C:\Users\yasin\OneDrive\Belgeler\Win.War\Win-War\Library\PackageCache\com.unity.visualscripting@1.8.0\Editor\VisualScripting.Core\Dependencies\YamlDotNet\Unity.VisualScripting.YamlDotNet.dll
Symbol file LoadedFromMemory doesn't match image C:\Users\yasin\OneDrive\Belgeler\Win.War\Win-War\Library\PackageCache\com.unity.visualscripting@1.8.0\Editor\VisualScripting.Core\Dependencies\DotNetZip\Unity.VisualScripting.IonicZip.dll
Native extension for WindowsStandalone target not found
Refreshing native plugins compatible for Editor in 0.68 ms, found 3 plugins.
Preloading 0 native plugins for Editor in 0.00 ms.
Mono: successfully reloaded assembly
- Completed reload, in  0.974 seconds
Domain Reload Profiling:
	ReloadAssembly (975ms)
		BeginReloadAssembly (134ms)
			ExecutionOrderSort (0ms)
			DisableScriptedObjects (6ms)
			BackupInstance (0ms)
			ReleaseScriptingObjects (0ms)
			CreateAndSetChildDomain (37ms)
		EndReloadAssembly (762ms)
			LoadAssemblies (78ms)
			RebuildTransferFunctionScriptingTraits (0ms)
			SetupTypeCache (246ms)
			ReleaseScriptCaches (1ms)
			RebuildScriptCaches (54ms)
			SetupLoadedEditorAssemblies (339ms)
				LogAssemblyErrors (0ms)
				InitializePlatformSupportModulesInManaged (5ms)
				SetLoadedEditorAssemblies (0ms)
				RefreshPlugins (1ms)
				BeforeProcessingInitializeOnLoad (55ms)
				ProcessInitializeOnLoadAttributes (245ms)
				ProcessInitializeOnLoadMethodAttributes (27ms)
				AfterProcessingInitializeOnLoad (6ms)
				EditorAssembliesLoaded (0ms)
			ExecutionOrderSort2 (0ms)
			AwakeInstancesAfterBackupRestoration (11ms)
Platform modules already initialized, skipping
Refreshing native plugins compatible for Editor in 2.26 ms, found 3 plugins.
Preloading 0 native plugins for Editor in 0.00 ms.
Unloading 3158 Unused Serialized files (Serialized files now loaded: 0)
Unloading 29 unused Assets / (1.3 MB). Loaded Objects now: 3702.
Memory consumption went from 121.8 MB to 120.5 MB.
Total: 5.076100 ms (FindLiveObjects: 0.454200 ms CreateObjectMapping: 0.341400 ms MarkObjects: 2.911300 ms  DeleteObjects: 1.366600 ms)

AssetImportParameters requested are different than current active one (requested -> active):
  custom:video-decoder-ogg-theora: a1e56fd34408186e4bbccfd4996cb3dc -> 
  custom:container-muxer-webm: aa71ff27fc2769a1b78a27578f13a17b -> 
  custom:container-demuxer-webm: 4f35f7cbe854078d1ac9338744f61a02 -> 
  custom:video-encoder-webm-vp8: eb34c28f22e8b96e1ab97ce403110664 -> 
  custom:video-codec-MediaFoundation-h265: 746d11721c4dcdbdad8f713fa42b33f4 -> 
  custom:audio-encoder-webm-vorbis: bf7c407c2cedff20999df2af8eb42d56 -> 
  custom:framework-win-MediaFoundation: 216162199b28c13a410421893ffa2e32 -> 
  custom:container-demuxer-ogg: 62fdf1f143b41e24485cea50d1cbac27 -> 
  custom:video-decoder-webm-vp8: 9c59270c3fd7afecdb556c50c9e8de78 -> 
  custom:audio-decoder-ogg-vorbis: bf7c407c2cedff20999df2af8eb42d56 -> 
========================================================================
Received Import Request.
  Time since last request: 1155.331306 seconds.
  path: Assets/SlimUI/Modern Menu 1/Scripts
  artifactKey: Guid(e417b2d8bfe6b964eb44397f0ba98190) Importer(815301076,1909f56bfc062723c751e8b465ee728b)
Start importing Assets/SlimUI/Modern Menu 1/Scripts using Guid(e417b2d8bfe6b964eb44397f0ba98190) Importer(815301076,1909f56bfc062723c751e8b465ee728b)  -> (artifact id: 'df373a1cd4b8260e8ab554386804b7de') in 0.019242 seconds 
========================================================================
Received Import Request.
  Time since last request: 2.225852 seconds.
  path: Assets/SlimUI/Modern Menu 1/Scripts/Managers
  artifactKey: Guid(fd63ebf668c638d44bb521f6f0858fee) Importer(815301076,1909f56bfc062723c751e8b465ee728b)
Start importing Assets/SlimUI/Modern Menu 1/Scripts/Managers using Guid(fd63ebf668c638d44bb521f6f0858fee) Importer(815301076,1909f56bfc062723c751e8b465ee728b)  -> (artifact id: '704431f0ea11ce950383844bfcfa8a0e') in 0.015389 seconds 
========================================================================
Received Import Request.
  Time since last request: 1.702137 seconds.
  path: Assets/SlimUI/Modern Menu 1/Scripts/Managers/UISettingsManager.cs
  artifactKey: Guid(d8f6aa6586f77764fab668a0a62d8f7a) Importer(815301076,1909f56bfc062723c751e8b465ee728b)
Start importing Assets/SlimUI/Modern Menu 1/Scripts/Managers/UISettingsManager.cs using Guid(d8f6aa6586f77764fab668a0a62d8f7a) Importer(815301076,1909f56bfc062723c751e8b465ee728b)  -> (artifact id: '76c29dcb8e0f2c61654c7fc0ed9c134e') in 0.017733 seconds 
========================================================================
Received Prepare
Registering precompiled user dll's ...
Registered in 0.003084 seconds.
Begin MonoManager ReloadAssembly
Symbol file LoadedFromMemory doesn't match image C:\Users\yasin\OneDrive\Belgeler\Win.War\Win-War\Library\PackageCache\com.unity.visualscripting@1.8.0\Editor\VisualScripting.Core\Dependencies\YamlDotNet\Unity.VisualScripting.YamlDotNet.dll
Symbol file LoadedFromMemory doesn't match image C:\Users\yasin\OneDrive\Belgeler\Win.War\Win-War\Library\PackageCache\com.unity.visualscripting@1.8.0\Editor\VisualScripting.Core\Dependencies\DotNetZip\Unity.VisualScripting.IonicZip.dll
Native extension for WindowsStandalone target not found
Refreshing native plugins compatible for Editor in 0.64 ms, found 3 plugins.
Preloading 0 native plugins for Editor in 0.00 ms.
Mono: successfully reloaded assembly
- Completed reload, in  1.291 seconds
Domain Reload Profiling:
	ReloadAssembly (1292ms)
		BeginReloadAssembly (206ms)
			ExecutionOrderSort (0ms)
			DisableScriptedObjects (8ms)
			BackupInstance (0ms)
			ReleaseScriptingObjects (0ms)
			CreateAndSetChildDomain (55ms)
		EndReloadAssembly (977ms)
			LoadAssemblies (137ms)
			RebuildTransferFunctionScriptingTraits (0ms)
			SetupTypeCache (372ms)
			ReleaseScriptCaches (5ms)
			RebuildScriptCaches (60ms)
			SetupLoadedEditorAssemblies (382ms)
				LogAssemblyErrors (0ms)
				InitializePlatformSupportModulesInManaged (11ms)
				SetLoadedEditorAssemblies (1ms)
				RefreshPlugins (1ms)
				BeforeProcessingInitializeOnLoad (72ms)
				ProcessInitializeOnLoadAttributes (268ms)
				ProcessInitializeOnLoadMethodAttributes (22ms)
				AfterProcessingInitializeOnLoad (8ms)
				EditorAssembliesLoaded (0ms)
			ExecutionOrderSort2 (0ms)
			AwakeInstancesAfterBackupRestoration (8ms)
Platform modules already initialized, skipping
Refreshing native plugins compatible for Editor in 3.49 ms, found 3 plugins.
Preloading 0 native plugins for Editor in 0.00 ms.
Unloading 3158 Unused Serialized files (Serialized files now loaded: 0)
Unloading 29 unused Assets / (1.3 MB). Loaded Objects now: 3705.
Memory consumption went from 121.8 MB to 120.5 MB.
Total: 2.997200 ms (FindLiveObjects: 0.304600 ms CreateObjectMapping: 0.105000 ms MarkObjects: 2.274000 ms  DeleteObjects: 0.312200 ms)

AssetImportParameters requested are different than current active one (requested -> active):
  custom:video-decoder-ogg-theora: a1e56fd34408186e4bbccfd4996cb3dc -> 
  custom:container-muxer-webm: aa71ff27fc2769a1b78a27578f13a17b -> 
  custom:container-demuxer-webm: 4f35f7cbe854078d1ac9338744f61a02 -> 
  custom:video-encoder-webm-vp8: eb34c28f22e8b96e1ab97ce403110664 -> 
  custom:video-codec-MediaFoundation-h265: 746d11721c4dcdbdad8f713fa42b33f4 -> 
  custom:audio-encoder-webm-vorbis: bf7c407c2cedff20999df2af8eb42d56 -> 
  custom:framework-win-MediaFoundation: 216162199b28c13a410421893ffa2e32 -> 
  custom:container-demuxer-ogg: 62fdf1f143b41e24485cea50d1cbac27 -> 
  custom:video-decoder-webm-vp8: 9c59270c3fd7afecdb556c50c9e8de78 -> 
  custom:audio-decoder-ogg-vorbis: bf7c407c2cedff20999df2af8eb42d56 -> 
========================================================================
Received Prepare
Registering precompiled user dll's ...
Registered in 0.003812 seconds.
Begin MonoManager ReloadAssembly
Symbol file LoadedFromMemory doesn't match image C:\Users\yasin\OneDrive\Belgeler\Win.War\Win-War\Library\PackageCache\com.unity.visualscripting@1.8.0\Editor\VisualScripting.Core\Dependencies\YamlDotNet\Unity.VisualScripting.YamlDotNet.dll
Symbol file LoadedFromMemory doesn't match image C:\Users\yasin\OneDrive\Belgeler\Win.War\Win-War\Library\PackageCache\com.unity.visualscripting@1.8.0\Editor\VisualScripting.Core\Dependencies\DotNetZip\Unity.VisualScripting.IonicZip.dll
Native extension for WindowsStandalone target not found
Refreshing native plugins compatible for Editor in 0.55 ms, found 3 plugins.
Preloading 0 native plugins for Editor in 0.00 ms.
Mono: successfully reloaded assembly
- Completed reload, in  1.482 seconds
Domain Reload Profiling:
	ReloadAssembly (1488ms)
		BeginReloadAssembly (455ms)
			ExecutionOrderSort (0ms)
			DisableScriptedObjects (25ms)
			BackupInstance (0ms)
			ReleaseScriptingObjects (0ms)
			CreateAndSetChildDomain (169ms)
		EndReloadAssembly (934ms)
			LoadAssemblies (105ms)
			RebuildTransferFunctionScriptingTraits (0ms)
			SetupTypeCache (270ms)
			ReleaseScriptCaches (2ms)
			RebuildScriptCaches (46ms)
			SetupLoadedEditorAssemblies (457ms)
				LogAssemblyErrors (0ms)
				InitializePlatformSupportModulesInManaged (6ms)
				SetLoadedEditorAssemblies (1ms)
				RefreshPlugins (1ms)
				BeforeProcessingInitializeOnLoad (74ms)
				ProcessInitializeOnLoadAttributes (354ms)
				ProcessInitializeOnLoadMethodAttributes (17ms)
				AfterProcessingInitializeOnLoad (4ms)
				EditorAssembliesLoaded (0ms)
			ExecutionOrderSort2 (0ms)
			AwakeInstancesAfterBackupRestoration (7ms)
Platform modules already initialized, skipping
Refreshing native plugins compatible for Editor in 1.66 ms, found 3 plugins.
Preloading 0 native plugins for Editor in 0.00 ms.
Unloading 3158 Unused Serialized files (Serialized files now loaded: 0)
Unloading 29 unused Assets / (1.3 MB). Loaded Objects now: 3708.
Memory consumption went from 121.8 MB to 120.5 MB.
Total: 3.590400 ms (FindLiveObjects: 0.260700 ms CreateObjectMapping: 0.091700 ms MarkObjects: 2.889000 ms  DeleteObjects: 0.347500 ms)

AssetImportParameters requested are different than current active one (requested -> active):
  custom:video-decoder-ogg-theora: a1e56fd34408186e4bbccfd4996cb3dc -> 
  custom:container-muxer-webm: aa71ff27fc2769a1b78a27578f13a17b -> 
  custom:container-demuxer-webm: 4f35f7cbe854078d1ac9338744f61a02 -> 
  custom:video-encoder-webm-vp8: eb34c28f22e8b96e1ab97ce403110664 -> 
  custom:video-codec-MediaFoundation-h265: 746d11721c4dcdbdad8f713fa42b33f4 -> 
  custom:audio-encoder-webm-vorbis: bf7c407c2cedff20999df2af8eb42d56 -> 
  custom:framework-win-MediaFoundation: 216162199b28c13a410421893ffa2e32 -> 
  custom:container-demuxer-ogg: 62fdf1f143b41e24485cea50d1cbac27 -> 
  custom:video-decoder-webm-vp8: 9c59270c3fd7afecdb556c50c9e8de78 -> 
  custom:audio-decoder-ogg-vorbis: bf7c407c2cedff20999df2af8eb42d56 -> 
========================================================================
Received Prepare
Registering precompiled user dll's ...
Registered in 0.004758 seconds.
Begin MonoManager ReloadAssembly
Symbol file LoadedFromMemory doesn't match image C:\Users\yasin\OneDrive\Belgeler\Win.War\Win-War\Library\PackageCache\com.unity.visualscripting@1.8.0\Editor\VisualScripting.Core\Dependencies\YamlDotNet\Unity.VisualScripting.YamlDotNet.dll
Symbol file LoadedFromMemory doesn't match image C:\Users\yasin\OneDrive\Belgeler\Win.War\Win-War\Library\PackageCache\com.unity.visualscripting@1.8.0\Editor\VisualScripting.Core\Dependencies\DotNetZip\Unity.VisualScripting.IonicZip.dll
Native extension for WindowsStandalone target not found
Refreshing native plugins compatible for Editor in 0.51 ms, found 3 plugins.
Preloading 0 native plugins for Editor in 0.00 ms.
Mono: successfully reloaded assembly
- Completed reload, in  0.971 seconds
Domain Reload Profiling:
	ReloadAssembly (972ms)
		BeginReloadAssembly (156ms)
			ExecutionOrderSort (0ms)
			DisableScriptedObjects (4ms)
			BackupInstance (0ms)
			ReleaseScriptingObjects (0ms)
			CreateAndSetChildDomain (48ms)
		EndReloadAssembly (733ms)
			LoadAssemblies (88ms)
			RebuildTransferFunctionScriptingTraits (0ms)
			SetupTypeCache (232ms)
			ReleaseScriptCaches (2ms)
			RebuildScriptCaches (39ms)
			SetupLoadedEditorAssemblies (340ms)
				LogAssemblyErrors (0ms)
				InitializePlatformSupportModulesInManaged (4ms)
				SetLoadedEditorAssemblies (0ms)
				RefreshPlugins (1ms)
				BeforeProcessingInitializeOnLoad (75ms)
				ProcessInitializeOnLoadAttributes (231ms)
				ProcessInitializeOnLoadMethodAttributes (24ms)
				AfterProcessingInitializeOnLoad (5ms)
				EditorAssembliesLoaded (1ms)
			ExecutionOrderSort2 (0ms)
			AwakeInstancesAfterBackupRestoration (7ms)
Platform modules already initialized, skipping
Refreshing native plugins compatible for Editor in 3.03 ms, found 3 plugins.
Preloading 0 native plugins for Editor in 0.00 ms.
Unloading 3158 Unused Serialized files (Serialized files now loaded: 0)
Unloading 29 unused Assets / (1.3 MB). Loaded Objects now: 3711.
Memory consumption went from 121.8 MB to 120.5 MB.
Total: 5.398200 ms (FindLiveObjects: 0.955100 ms CreateObjectMapping: 0.434600 ms MarkObjects: 3.504600 ms  DeleteObjects: 0.501300 ms)

AssetImportParameters requested are different than current active one (requested -> active):
  custom:video-decoder-ogg-theora: a1e56fd34408186e4bbccfd4996cb3dc -> 
  custom:container-muxer-webm: aa71ff27fc2769a1b78a27578f13a17b -> 
  custom:container-demuxer-webm: 4f35f7cbe854078d1ac9338744f61a02 -> 
  custom:video-encoder-webm-vp8: eb34c28f22e8b96e1ab97ce403110664 -> 
  custom:video-codec-MediaFoundation-h265: 746d11721c4dcdbdad8f713fa42b33f4 -> 
  custom:audio-encoder-webm-vorbis: bf7c407c2cedff20999df2af8eb42d56 -> 
  custom:framework-win-MediaFoundation: 216162199b28c13a410421893ffa2e32 -> 
  custom:container-demuxer-ogg: 62fdf1f143b41e24485cea50d1cbac27 -> 
  custom:video-decoder-webm-vp8: 9c59270c3fd7afecdb556c50c9e8de78 -> 
  custom:audio-decoder-ogg-vorbis: bf7c407c2cedff20999df2af8eb42d56 -> 
========================================================================
Received Prepare
Registering precompiled user dll's ...
Registered in 0.003087 seconds.
Begin MonoManager ReloadAssembly
Symbol file LoadedFromMemory doesn't match image C:\Users\yasin\OneDrive\Belgeler\Win.War\Win-War\Library\PackageCache\com.unity.visualscripting@1.8.0\Editor\VisualScripting.Core\Dependencies\YamlDotNet\Unity.VisualScripting.YamlDotNet.dll
Symbol file LoadedFromMemory doesn't match image C:\Users\yasin\OneDrive\Belgeler\Win.War\Win-War\Library\PackageCache\com.unity.visualscripting@1.8.0\Editor\VisualScripting.Core\Dependencies\DotNetZip\Unity.VisualScripting.IonicZip.dll
Native extension for WindowsStandalone target not found
Refreshing native plugins compatible for Editor in 0.59 ms, found 3 plugins.
Preloading 0 native plugins for Editor in 0.00 ms.
Mono: successfully reloaded assembly
- Completed reload, in  0.930 seconds
Domain Reload Profiling:
	ReloadAssembly (930ms)
		BeginReloadAssembly (136ms)
			ExecutionOrderSort (0ms)
			DisableScriptedObjects (5ms)
			BackupInstance (0ms)
			ReleaseScriptingObjects (0ms)
			CreateAndSetChildDomain (39ms)
		EndReloadAssembly (713ms)
			LoadAssemblies (85ms)
			RebuildTransferFunctionScriptingTraits (0ms)
			SetupTypeCache (246ms)
			ReleaseScriptCaches (2ms)
			RebuildScriptCaches (45ms)
			SetupLoadedEditorAssemblies (291ms)
				LogAssemblyErrors (0ms)
				InitializePlatformSupportModulesInManaged (4ms)
				SetLoadedEditorAssemblies (0ms)
				RefreshPlugins (1ms)
				BeforeProcessingInitializeOnLoad (68ms)
				ProcessInitializeOnLoadAttributes (194ms)
				ProcessInitializeOnLoadMethodAttributes (20ms)
				AfterProcessingInitializeOnLoad (4ms)
				EditorAssembliesLoaded (0ms)
			ExecutionOrderSort2 (0ms)
			AwakeInstancesAfterBackupRestoration (9ms)
Platform modules already initialized, skipping
Refreshing native plugins compatible for Editor in 1.70 ms, found 3 plugins.
Preloading 0 native plugins for Editor in 0.00 ms.
Unloading 3158 Unused Serialized files (Serialized files now loaded: 0)
Unloading 29 unused Assets / (1.3 MB). Loaded Objects now: 3714.
Memory consumption went from 121.9 MB to 120.6 MB.
Total: 6.358100 ms (FindLiveObjects: 0.677000 ms CreateObjectMapping: 0.204100 ms MarkObjects: 4.738900 ms  DeleteObjects: 0.735800 ms)

AssetImportParameters requested are different than current active one (requested -> active):
  custom:video-decoder-ogg-theora: a1e56fd34408186e4bbccfd4996cb3dc -> 
  custom:container-muxer-webm: aa71ff27fc2769a1b78a27578f13a17b -> 
  custom:container-demuxer-webm: 4f35f7cbe854078d1ac9338744f61a02 -> 
  custom:video-encoder-webm-vp8: eb34c28f22e8b96e1ab97ce403110664 -> 
  custom:video-codec-MediaFoundation-h265: 746d11721c4dcdbdad8f713fa42b33f4 -> 
  custom:audio-encoder-webm-vorbis: bf7c407c2cedff20999df2af8eb42d56 -> 
  custom:framework-win-MediaFoundation: 216162199b28c13a410421893ffa2e32 -> 
  custom:container-demuxer-ogg: 62fdf1f143b41e24485cea50d1cbac27 -> 
  custom:video-decoder-webm-vp8: 9c59270c3fd7afecdb556c50c9e8de78 -> 
  custom:audio-decoder-ogg-vorbis: bf7c407c2cedff20999df2af8eb42d56 -> 
========================================================================
Received Prepare
Registering precompiled user dll's ...
Registered in 0.003957 seconds.
Begin MonoManager ReloadAssembly
Symbol file LoadedFromMemory doesn't match image C:\Users\yasin\OneDrive\Belgeler\Win.War\Win-War\Library\PackageCache\com.unity.visualscripting@1.8.0\Editor\VisualScripting.Core\Dependencies\YamlDotNet\Unity.VisualScripting.YamlDotNet.dll
Symbol file LoadedFromMemory doesn't match image C:\Users\yasin\OneDrive\Belgeler\Win.War\Win-War\Library\PackageCache\com.unity.visualscripting@1.8.0\Editor\VisualScripting.Core\Dependencies\DotNetZip\Unity.VisualScripting.IonicZip.dll
Native extension for WindowsStandalone target not found
Refreshing native plugins compatible for Editor in 0.54 ms, found 3 plugins.
Preloading 0 native plugins for Editor in 0.00 ms.
Mono: successfully reloaded assembly
- Completed reload, in  0.958 seconds
Domain Reload Profiling:
	ReloadAssembly (959ms)
		BeginReloadAssembly (142ms)
			ExecutionOrderSort (0ms)
			DisableScriptedObjects (6ms)
			BackupInstance (0ms)
			ReleaseScriptingObjects (0ms)
			CreateAndSetChildDomain (41ms)
		EndReloadAssembly (731ms)
			LoadAssemblies (86ms)
			RebuildTransferFunctionScriptingTraits (0ms)
			SetupTypeCache (243ms)
			ReleaseScriptCaches (2ms)
			RebuildScriptCaches (48ms)
			SetupLoadedEditorAssemblies (315ms)
				LogAssemblyErrors (0ms)
				InitializePlatformSupportModulesInManaged (4ms)
				SetLoadedEditorAssemblies (0ms)
				RefreshPlugins (1ms)
				BeforeProcessingInitializeOnLoad (59ms)
				ProcessInitializeOnLoadAttributes (221ms)
				ProcessInitializeOnLoadMethodAttributes (24ms)
				AfterProcessingInitializeOnLoad (5ms)
				EditorAssembliesLoaded (0ms)
			ExecutionOrderSort2 (0ms)
			AwakeInstancesAfterBackupRestoration (7ms)
Platform modules already initialized, skipping
Refreshing native plugins compatible for Editor in 2.20 ms, found 3 plugins.
Preloading 0 native plugins for Editor in 0.00 ms.
Unloading 3158 Unused Serialized files (Serialized files now loaded: 0)
Unloading 29 unused Assets / (1.3 MB). Loaded Objects now: 3717.
Memory consumption went from 121.9 MB to 120.6 MB.
Total: 4.894400 ms (FindLiveObjects: 0.396100 ms CreateObjectMapping: 0.310200 ms MarkObjects: 3.743800 ms  DeleteObjects: 0.442000 ms)

AssetImportParameters requested are different than current active one (requested -> active):
  custom:video-decoder-ogg-theora: a1e56fd34408186e4bbccfd4996cb3dc -> 
  custom:container-muxer-webm: aa71ff27fc2769a1b78a27578f13a17b -> 
  custom:container-demuxer-webm: 4f35f7cbe854078d1ac9338744f61a02 -> 
  custom:video-encoder-webm-vp8: eb34c28f22e8b96e1ab97ce403110664 -> 
  custom:video-codec-MediaFoundation-h265: 746d11721c4dcdbdad8f713fa42b33f4 -> 
  custom:audio-encoder-webm-vorbis: bf7c407c2cedff20999df2af8eb42d56 -> 
  custom:framework-win-MediaFoundation: 216162199b28c13a410421893ffa2e32 -> 
  custom:container-demuxer-ogg: 62fdf1f143b41e24485cea50d1cbac27 -> 
  custom:video-decoder-webm-vp8: 9c59270c3fd7afecdb556c50c9e8de78 -> 
  custom:audio-decoder-ogg-vorbis: bf7c407c2cedff20999df2af8eb42d56 -> 
========================================================================
Received Prepare
Registering precompiled user dll's ...
Registered in 0.005272 seconds.
Begin MonoManager ReloadAssembly
Symbol file LoadedFromMemory doesn't match image C:\Users\yasin\OneDrive\Belgeler\Win.War\Win-War\Library\PackageCache\com.unity.visualscripting@1.8.0\Editor\VisualScripting.Core\Dependencies\YamlDotNet\Unity.VisualScripting.YamlDotNet.dll
Symbol file LoadedFromMemory doesn't match image C:\Users\yasin\OneDrive\Belgeler\Win.War\Win-War\Library\PackageCache\com.unity.visualscripting@1.8.0\Editor\VisualScripting.Core\Dependencies\DotNetZip\Unity.VisualScripting.IonicZip.dll
Native extension for WindowsStandalone target not found
Refreshing native plugins compatible for Editor in 0.53 ms, found 3 plugins.
Preloading 0 native plugins for Editor in 0.00 ms.
Mono: successfully reloaded assembly
- Completed reload, in  0.928 seconds
Domain Reload Profiling:
	ReloadAssembly (929ms)
		BeginReloadAssembly (131ms)
			ExecutionOrderSort (0ms)
			DisableScriptedObjects (4ms)
			BackupInstance (0ms)
			ReleaseScriptingObjects (0ms)
			CreateAndSetChildDomain (36ms)
		EndReloadAssembly (719ms)
			LoadAssemblies (83ms)
			RebuildTransferFunctionScriptingTraits (0ms)
			SetupTypeCache (253ms)
			ReleaseScriptCaches (1ms)
			RebuildScriptCaches (43ms)
			SetupLoadedEditorAssemblies (298ms)
				LogAssemblyErrors (0ms)
				InitializePlatformSupportModulesInManaged (4ms)
				SetLoadedEditorAssemblies (0ms)
				RefreshPlugins (1ms)
				BeforeProcessingInitializeOnLoad (62ms)
				ProcessInitializeOnLoadAttributes (201ms)
				ProcessInitializeOnLoadMethodAttributes (24ms)
				AfterProcessingInitializeOnLoad (6ms)
				EditorAssembliesLoaded (0ms)
			ExecutionOrderSort2 (0ms)
			AwakeInstancesAfterBackupRestoration (6ms)
Platform modules already initialized, skipping
Refreshing native plugins compatible for Editor in 2.41 ms, found 3 plugins.
Preloading 0 native plugins for Editor in 0.00 ms.
Unloading 3158 Unused Serialized files (Serialized files now loaded: 0)
Unloading 29 unused Assets / (1.3 MB). Loaded Objects now: 3720.
Memory consumption went from 121.9 MB to 120.6 MB.
Total: 3.634100 ms (FindLiveObjects: 0.347000 ms CreateObjectMapping: 0.115700 ms MarkObjects: 2.692000 ms  DeleteObjects: 0.477400 ms)

AssetImportParameters requested are different than current active one (requested -> active):
  custom:video-decoder-ogg-theora: a1e56fd34408186e4bbccfd4996cb3dc -> 
  custom:container-muxer-webm: aa71ff27fc2769a1b78a27578f13a17b -> 
  custom:container-demuxer-webm: 4f35f7cbe854078d1ac9338744f61a02 -> 
  custom:video-encoder-webm-vp8: eb34c28f22e8b96e1ab97ce403110664 -> 
  custom:video-codec-MediaFoundation-h265: 746d11721c4dcdbdad8f713fa42b33f4 -> 
  custom:audio-encoder-webm-vorbis: bf7c407c2cedff20999df2af8eb42d56 -> 
  custom:framework-win-MediaFoundation: 216162199b28c13a410421893ffa2e32 -> 
  custom:container-demuxer-ogg: 62fdf1f143b41e24485cea50d1cbac27 -> 
  custom:video-decoder-webm-vp8: 9c59270c3fd7afecdb556c50c9e8de78 -> 
  custom:audio-decoder-ogg-vorbis: bf7c407c2cedff20999df2af8eb42d56 -> 
========================================================================
Received Prepare
Registering precompiled user dll's ...
Registered in 0.004039 seconds.
Begin MonoManager ReloadAssembly
Symbol file LoadedFromMemory doesn't match image C:\Users\yasin\OneDrive\Belgeler\Win.War\Win-War\Library\PackageCache\com.unity.visualscripting@1.8.0\Editor\VisualScripting.Core\Dependencies\YamlDotNet\Unity.VisualScripting.YamlDotNet.dll
Symbol file LoadedFromMemory doesn't match image C:\Users\yasin\OneDrive\Belgeler\Win.War\Win-War\Library\PackageCache\com.unity.visualscripting@1.8.0\Editor\VisualScripting.Core\Dependencies\DotNetZip\Unity.VisualScripting.IonicZip.dll
Native extension for WindowsStandalone target not found
Refreshing native plugins compatible for Editor in 0.53 ms, found 3 plugins.
Preloading 0 native plugins for Editor in 0.00 ms.
Mono: successfully reloaded assembly
- Completed reload, in  0.944 seconds
Domain Reload Profiling:
	ReloadAssembly (945ms)
		BeginReloadAssembly (137ms)
			ExecutionOrderSort (0ms)
			DisableScriptedObjects (7ms)
			BackupInstance (0ms)
			ReleaseScriptingObjects (0ms)
			CreateAndSetChildDomain (38ms)
		EndReloadAssembly (725ms)
			LoadAssemblies (82ms)
			RebuildTransferFunctionScriptingTraits (0ms)
			SetupTypeCache (247ms)
			ReleaseScriptCaches (2ms)
			RebuildScriptCaches (45ms)
			SetupLoadedEditorAssemblies (310ms)
				LogAssemblyErrors (0ms)
				InitializePlatformSupportModulesInManaged (4ms)
				SetLoadedEditorAssemblies (0ms)
				RefreshPlugins (1ms)
				BeforeProcessingInitializeOnLoad (58ms)
				ProcessInitializeOnLoadAttributes (217ms)
				ProcessInitializeOnLoadMethodAttributes (25ms)
				AfterProcessingInitializeOnLoad (5ms)
				EditorAssembliesLoaded (0ms)
			ExecutionOrderSort2 (0ms)
			AwakeInstancesAfterBackupRestoration (7ms)
Platform modules already initialized, skipping
Refreshing native plugins compatible for Editor in 2.07 ms, found 3 plugins.
Preloading 0 native plugins for Editor in 0.00 ms.
Unloading 3158 Unused Serialized files (Serialized files now loaded: 0)
Unloading 29 unused Assets / (1.3 MB). Loaded Objects now: 3723.
Memory consumption went from 121.9 MB to 120.6 MB.
Total: 4.575800 ms (FindLiveObjects: 0.555200 ms CreateObjectMapping: 0.258100 ms MarkObjects: 3.426200 ms  DeleteObjects: 0.333800 ms)

AssetImportParameters requested are different than current active one (requested -> active):
  custom:video-decoder-ogg-theora: a1e56fd34408186e4bbccfd4996cb3dc -> 
  custom:container-muxer-webm: aa71ff27fc2769a1b78a27578f13a17b -> 
  custom:container-demuxer-webm: 4f35f7cbe854078d1ac9338744f61a02 -> 
  custom:video-encoder-webm-vp8: eb34c28f22e8b96e1ab97ce403110664 -> 
  custom:video-codec-MediaFoundation-h265: 746d11721c4dcdbdad8f713fa42b33f4 -> 
  custom:audio-encoder-webm-vorbis: bf7c407c2cedff20999df2af8eb42d56 -> 
  custom:framework-win-MediaFoundation: 216162199b28c13a410421893ffa2e32 -> 
  custom:container-demuxer-ogg: 62fdf1f143b41e24485cea50d1cbac27 -> 
  custom:video-decoder-webm-vp8: 9c59270c3fd7afecdb556c50c9e8de78 -> 
  custom:audio-decoder-ogg-vorbis: bf7c407c2cedff20999df2af8eb42d56 -> 
========================================================================
Received Prepare
Registering precompiled user dll's ...
Registered in 0.006336 seconds.
Begin MonoManager ReloadAssembly
Symbol file LoadedFromMemory doesn't match image C:\Users\yasin\OneDrive\Belgeler\Win.War\Win-War\Library\PackageCache\com.unity.visualscripting@1.8.0\Editor\VisualScripting.Core\Dependencies\YamlDotNet\Unity.VisualScripting.YamlDotNet.dll
Symbol file LoadedFromMemory doesn't match image C:\Users\yasin\OneDrive\Belgeler\Win.War\Win-War\Library\PackageCache\com.unity.visualscripting@1.8.0\Editor\VisualScripting.Core\Dependencies\DotNetZip\Unity.VisualScripting.IonicZip.dll
Native extension for WindowsStandalone target not found
Refreshing native plugins compatible for Editor in 0.63 ms, found 3 plugins.
Preloading 0 native plugins for Editor in 0.00 ms.
Mono: successfully reloaded assembly
- Completed reload, in  0.936 seconds
Domain Reload Profiling:
	ReloadAssembly (937ms)
		BeginReloadAssembly (132ms)
			ExecutionOrderSort (0ms)
			DisableScriptedObjects (5ms)
			BackupInstance (0ms)
			ReleaseScriptingObjects (0ms)
			CreateAndSetChildDomain (37ms)
		EndReloadAssembly (707ms)
			LoadAssemblies (79ms)
			RebuildTransferFunctionScriptingTraits (0ms)
			SetupTypeCache (251ms)
			ReleaseScriptCaches (3ms)
			RebuildScriptCaches (47ms)
			SetupLoadedEditorAssemblies (290ms)
				LogAssemblyErrors (0ms)
				InitializePlatformSupportModulesInManaged (7ms)
				SetLoadedEditorAssemblies (0ms)
				RefreshPlugins (1ms)
				BeforeProcessingInitializeOnLoad (57ms)
				ProcessInitializeOnLoadAttributes (194ms)
				ProcessInitializeOnLoadMethodAttributes (28ms)
				AfterProcessingInitializeOnLoad (4ms)
				EditorAssembliesLoaded (0ms)
			ExecutionOrderSort2 (0ms)
			AwakeInstancesAfterBackupRestoration (5ms)
Platform modules already initialized, skipping
Refreshing native plugins compatible for Editor in 1.57 ms, found 3 plugins.
Preloading 0 native plugins for Editor in 0.00 ms.
Unloading 3158 Unused Serialized files (Serialized files now loaded: 0)
Unloading 29 unused Assets / (1.3 MB). Loaded Objects now: 3726.
Memory consumption went from 121.9 MB to 120.6 MB.
Total: 5.547500 ms (FindLiveObjects: 0.802600 ms CreateObjectMapping: 0.274300 ms MarkObjects: 4.085300 ms  DeleteObjects: 0.382200 ms)

AssetImportParameters requested are different than current active one (requested -> active):
  custom:video-decoder-ogg-theora: a1e56fd34408186e4bbccfd4996cb3dc -> 
  custom:container-muxer-webm: aa71ff27fc2769a1b78a27578f13a17b -> 
  custom:container-demuxer-webm: 4f35f7cbe854078d1ac9338744f61a02 -> 
  custom:video-encoder-webm-vp8: eb34c28f22e8b96e1ab97ce403110664 -> 
  custom:video-codec-MediaFoundation-h265: 746d11721c4dcdbdad8f713fa42b33f4 -> 
  custom:audio-encoder-webm-vorbis: bf7c407c2cedff20999df2af8eb42d56 -> 
  custom:framework-win-MediaFoundation: 216162199b28c13a410421893ffa2e32 -> 
  custom:container-demuxer-ogg: 62fdf1f143b41e24485cea50d1cbac27 -> 
  custom:video-decoder-webm-vp8: 9c59270c3fd7afecdb556c50c9e8de78 -> 
  custom:audio-decoder-ogg-vorbis: bf7c407c2cedff20999df2af8eb42d56 -> 
========================================================================
Received Import Request.
  Time since last request: 724.168345 seconds.
  path: Assets/TextMesh Pro
  artifactKey: Guid(f54d1bd14bd3ca042bd867b519fee8cc) Importer(815301076,1909f56bfc062723c751e8b465ee728b)
Start importing Assets/TextMesh Pro using Guid(f54d1bd14bd3ca042bd867b519fee8cc) Importer(815301076,1909f56bfc062723c751e8b465ee728b)  -> (artifact id: 'f5648c5ef36b7beab651a001a8d08867') in 0.019115 seconds 
========================================================================
Received Import Request.
  Time since last request: 14.087111 seconds.
  path: Assets
  artifactKey: Guid(00000000000000001000000000000000) Importer(815301076,1909f56bfc062723c751e8b465ee728b)
Start importing Assets using Guid(00000000000000001000000000000000) Importer(815301076,1909f56bfc062723c751e8b465ee728b)  -> (artifact id: '79842766b460edbeab6a34051e857a80') in 0.015415 seconds 
========================================================================
Received Import Request.
  Time since last request: 17.448247 seconds.
  path: Assets/ANA MAP.unity
  artifactKey: Guid(7a8150d3c12ca8d4a9392134d2c1802c) Importer(815301076,1909f56bfc062723c751e8b465ee728b)
Start importing Assets/ANA MAP.unity using Guid(7a8150d3c12ca8d4a9392134d2c1802c) Importer(815301076,1909f56bfc062723c751e8b465ee728b)  -> (artifact id: 'a9f701af709ff6609ba31f6c1c201824') in 0.010161 seconds 
========================================================================
Received Prepare
Registering precompiled user dll's ...
Registered in 0.006267 seconds.
Begin MonoManager ReloadAssembly
Symbol file LoadedFromMemory doesn't match image C:\Users\yasin\OneDrive\Belgeler\Win.War\Win-War\Library\PackageCache\com.unity.visualscripting@1.8.0\Editor\VisualScripting.Core\Dependencies\YamlDotNet\Unity.VisualScripting.YamlDotNet.dll
Symbol file LoadedFromMemory doesn't match image C:\Users\yasin\OneDrive\Belgeler\Win.War\Win-War\Library\PackageCache\com.unity.visualscripting@1.8.0\Editor\VisualScripting.Core\Dependencies\DotNetZip\Unity.VisualScripting.IonicZip.dll
Native extension for WindowsStandalone target not found
Refreshing native plugins compatible for Editor in 0.72 ms, found 3 plugins.
Preloading 0 native plugins for Editor in 0.00 ms.
Mono: successfully reloaded assembly
- Completed reload, in  1.336 seconds
Domain Reload Profiling:
	ReloadAssembly (1337ms)
		BeginReloadAssembly (251ms)
			ExecutionOrderSort (0ms)
			DisableScriptedObjects (10ms)
			BackupInstance (0ms)
			ReleaseScriptingObjects (0ms)
			CreateAndSetChildDomain (78ms)
		EndReloadAssembly (928ms)
			LoadAssemblies (144ms)
			RebuildTransferFunctionScriptingTraits (0ms)
			SetupTypeCache (358ms)
			ReleaseScriptCaches (2ms)
			RebuildScriptCaches (64ms)
			SetupLoadedEditorAssemblies (345ms)
				LogAssemblyErrors (0ms)
				InitializePlatformSupportModulesInManaged (9ms)
				SetLoadedEditorAssemblies (1ms)
				RefreshPlugins (1ms)
				BeforeProcessingInitializeOnLoad (79ms)
				ProcessInitializeOnLoadAttributes (227ms)
				ProcessInitializeOnLoadMethodAttributes (22ms)
				AfterProcessingInitializeOnLoad (6ms)
				EditorAssembliesLoaded (0ms)
			ExecutionOrderSort2 (0ms)
			AwakeInstancesAfterBackupRestoration (8ms)
Platform modules already initialized, skipping
Refreshing native plugins compatible for Editor in 1.36 ms, found 3 plugins.
Preloading 0 native plugins for Editor in 0.00 ms.
Unloading 3158 Unused Serialized files (Serialized files now loaded: 0)
Unloading 29 unused Assets / (1.3 MB). Loaded Objects now: 3729.
Memory consumption went from 121.9 MB to 120.6 MB.
Total: 3.038200 ms (FindLiveObjects: 0.321200 ms CreateObjectMapping: 0.104200 ms MarkObjects: 2.339900 ms  DeleteObjects: 0.271500 ms)

AssetImportParameters requested are different than current active one (requested -> active):
  custom:video-decoder-ogg-theora: a1e56fd34408186e4bbccfd4996cb3dc -> 
  custom:container-muxer-webm: aa71ff27fc2769a1b78a27578f13a17b -> 
  custom:container-demuxer-webm: 4f35f7cbe854078d1ac9338744f61a02 -> 
  custom:video-encoder-webm-vp8: eb34c28f22e8b96e1ab97ce403110664 -> 
  custom:video-codec-MediaFoundation-h265: 746d11721c4dcdbdad8f713fa42b33f4 -> 
  custom:audio-encoder-webm-vorbis: bf7c407c2cedff20999df2af8eb42d56 -> 
  custom:framework-win-MediaFoundation: 216162199b28c13a410421893ffa2e32 -> 
  custom:container-demuxer-ogg: 62fdf1f143b41e24485cea50d1cbac27 -> 
  custom:video-decoder-webm-vp8: 9c59270c3fd7afecdb556c50c9e8de78 -> 
  custom:audio-decoder-ogg-vorbis: bf7c407c2cedff20999df2af8eb42d56 -> 
========================================================================
Received Import Request.
  Time since last request: 966.656409 seconds.
  path: Assets/SlimUI/Modern Menu 1/Scenes/Demos/Demo1.unity
  artifactKey: Guid(829a86ba161cdd840842063447f41aab) Importer(815301076,1909f56bfc062723c751e8b465ee728b)
Start importing Assets/SlimUI/Modern Menu 1/Scenes/Demos/Demo1.unity using Guid(829a86ba161cdd840842063447f41aab) Importer(815301076,1909f56bfc062723c751e8b465ee728b)  -> (artifact id: '337bde97997b742c9abdc0f89b3fa07f') in 0.013535 seconds 
========================================================================
Received Import Request.
  Time since last request: 260.229832 seconds.
  path: Assets/SlimUI/Data/ThemeSettings_ModernMenuUI.asset
  artifactKey: Guid(e00c7d2bc58a2424b8dc09ecdafdb067) Importer(815301076,1909f56bfc062723c751e8b465ee728b)
Start importing Assets/SlimUI/Data/ThemeSettings_ModernMenuUI.asset using Guid(e00c7d2bc58a2424b8dc09ecdafdb067) Importer(815301076,1909f56bfc062723c751e8b465ee728b)  -> (artifact id: '0648347b8ae0d903a65e838e67fe081a') in 0.045953 seconds 
========================================================================
Received Import Request.
  Time since last request: 434.121227 seconds.
  path: Assets/Scenes
  artifactKey: Guid(6ea315d0fd7389c41b19996891e99ae3) Importer(815301076,1909f56bfc062723c751e8b465ee728b)
Start importing Assets/Scenes using Guid(6ea315d0fd7389c41b19996891e99ae3) Importer(815301076,1909f56bfc062723c751e8b465ee728b)  -> (artifact id: 'b8193726cff86800c54781cdc6d54904') in 0.012247 seconds 
========================================================================
Received Import Request.
  Time since last request: 1.578933 seconds.
  path: Assets/Scenes/SampleScene.unity
  artifactKey: Guid(9fc0d4010bbf28b4594072e72b8655ab) Importer(815301076,1909f56bfc062723c751e8b465ee728b)
Start importing Assets/Scenes/SampleScene.unity using Guid(9fc0d4010bbf28b4594072e72b8655ab) Importer(815301076,1909f56bfc062723c751e8b465ee728b)  -> (artifact id: 'e55ccaa32d8e5c1de03c07a5412c8c3c') in 0.013004 seconds 
========================================================================
Received Import Request.
  Time since last request: 300.976866 seconds.
  path: Assets/HQ Hangar Free
  artifactKey: Guid(7ec3a4f5557fcd541a7e09fa67899760) Importer(815301076,1909f56bfc062723c751e8b465ee728b)
Start importing Assets/HQ Hangar Free using Guid(7ec3a4f5557fcd541a7e09fa67899760) Importer(815301076,1909f56bfc062723c751e8b465ee728b)  -> (artifact id: '2e6d467fe1bdb7ecfb408686fa16b371') in 0.018243 seconds 
========================================================================
Received Import Request.
  Time since last request: 2.431520 seconds.
  path: Assets/HQ Hangar Free/Prefabs
  artifactKey: Guid(5d5be74c01d368c42bdc033b7b966bdf) Importer(815301076,1909f56bfc062723c751e8b465ee728b)
Start importing Assets/HQ Hangar Free/Prefabs using Guid(5d5be74c01d368c42bdc033b7b966bdf) Importer(815301076,1909f56bfc062723c751e8b465ee728b)  -> (artifact id: 'c12325e206c48adba4426db3a7673f57') in 0.013149 seconds 
========================================================================
Received Import Request.
  Time since last request: 1.269147 seconds.
  path: Assets/HQ Hangar Free/Scene
  artifactKey: Guid(a5973778b8544de478fc27c532cb419b) Importer(815301076,1909f56bfc062723c751e8b465ee728b)
Start importing Assets/HQ Hangar Free/Scene using Guid(a5973778b8544de478fc27c532cb419b) Importer(815301076,1909f56bfc062723c751e8b465ee728b)  -> (artifact id: 'eb1c48c99cdb8d3bdc6bae94f5416c23') in 0.013579 seconds 
========================================================================
Received Import Request.
  Time since last request: 0.129844 seconds.
  path: Assets/HQ Hangar Free/Scene/HDRPHighQuality.asset
  artifactKey: Guid(36dd385e759c96147b6463dcd1149c11) Importer(815301076,1909f56bfc062723c751e8b465ee728b)
Start importing Assets/HQ Hangar Free/Scene/HDRPHighQuality.asset using Guid(36dd385e759c96147b6463dcd1149c11) Importer(815301076,1909f56bfc062723c751e8b465ee728b)  -> (artifact id: '7868b7edf34935cd2582c1f2bb0d7e4c') in 0.029520 seconds 
========================================================================
Received Import Request.
  Time since last request: 0.000026 seconds.
  path: Assets/HQ Hangar Free/Scene/SampleSceneSkyandFogSettings 1.asset
  artifactKey: Guid(31804904cb936704c9eee3192745e574) Importer(815301076,1909f56bfc062723c751e8b465ee728b)
Start importing Assets/HQ Hangar Free/Scene/SampleSceneSkyandFogSettings 1.asset using Guid(31804904cb936704c9eee3192745e574) Importer(815301076,1909f56bfc062723c751e8b465ee728b)  -> (artifact id: '64dd1eb415fd0e0d75b3f75e7e1091eb') in 0.011032 seconds 
========================================================================
Received Import Request.
  Time since last request: 1.213704 seconds.
  path: Assets/HQ Hangar Free/Scene/ExampleScene.unity
  artifactKey: Guid(26411d937a2ad2d42ba12b6d41011915) Importer(815301076,1909f56bfc062723c751e8b465ee728b)
Start importing Assets/HQ Hangar Free/Scene/ExampleScene.unity using Guid(26411d937a2ad2d42ba12b6d41011915) Importer(815301076,1909f56bfc062723c751e8b465ee728b)  -> (artifact id: '579b2270b3f66f8518f28461af477747') in 0.016140 seconds 
========================================================================
Received Import Request.
  Time since last request: 3.777338 seconds.
  path: Assets/HQ Hangar Free/Scene/ExampleScene
  artifactKey: Guid(7c925f019dc19d4479d93e36f36f6a01) Importer(815301076,1909f56bfc062723c751e8b465ee728b)
Start importing Assets/HQ Hangar Free/Scene/ExampleScene using Guid(7c925f019dc19d4479d93e36f36f6a01) Importer(815301076,1909f56bfc062723c751e8b465ee728b)  -> (artifact id: '903443def3a982c72e17c7cf68ef9a9e') in 0.014108 seconds 
========================================================================
Received Import Request.
  Time since last request: 0.119675 seconds.
  path: Assets/HQ Hangar Free/Scene/ExampleScene/LightingData.asset
  artifactKey: Guid(81c5ea32a064b474693beab2c51d90e8) Importer(815301076,1909f56bfc062723c751e8b465ee728b)
Start importing Assets/HQ Hangar Free/Scene/ExampleScene/LightingData.asset using Guid(81c5ea32a064b474693beab2c51d90e8) Importer(815301076,1909f56bfc062723c751e8b465ee728b)  -> (artifact id: '480085a19b2960d9b5189264f6264074') in 0.019791 seconds 
========================================================================
Received Import Request.
  Time since last request: 0.000031 seconds.
  path: Assets/HQ Hangar Free/Scene/ExampleScene/Lightmap-7_comp_light.exr
  artifactKey: Guid(9d0b615149affa748a1afd926f6bf20e) Importer(815301076,1909f56bfc062723c751e8b465ee728b)
Start importing Assets/HQ Hangar Free/Scene/ExampleScene/Lightmap-7_comp_light.exr using Guid(9d0b615149affa748a1afd926f6bf20e) Importer(815301076,1909f56bfc062723c751e8b465ee728b)  -> (artifact id: '948ee5f5fd2badb733bcc4e776daec4d') in 0.473630 seconds 
========================================================================
Received Import Request.
  Time since last request: 0.000045 seconds.
  path: Assets/HQ Hangar Free/Scene/ExampleScene/Lightmap-14_comp_dir.png
  artifactKey: Guid(07618d0cd352b8d46ad4d1a99bb1ee1b) Importer(815301076,1909f56bfc062723c751e8b465ee728b)
Start importing Assets/HQ Hangar Free/Scene/ExampleScene/Lightmap-14_comp_dir.png using Guid(07618d0cd352b8d46ad4d1a99bb1ee1b) Importer(815301076,1909f56bfc062723c751e8b465ee728b)  -> (artifact id: '9b22eced9560e90e1659db3ec2f68bf3') in 0.046738 seconds 
========================================================================
Received Import Request.
  Time since last request: 0.000073 seconds.
  path: Assets/HQ Hangar Free/Scene/ExampleScene/Lightmap-22_comp_dir.png
  artifactKey: Guid(8bde368ead43a5947b7b0f25b25ec983) Importer(815301076,1909f56bfc062723c751e8b465ee728b)
Start importing Assets/HQ Hangar Free/Scene/ExampleScene/Lightmap-22_comp_dir.png using Guid(8bde368ead43a5947b7b0f25b25ec983) Importer(815301076,1909f56bfc062723c751e8b465ee728b)  -> (artifact id: '83da9d2739ffaa49efbce38e0bad4275') in 0.030636 seconds 
========================================================================
Received Import Request.
  Time since last request: 0.000052 seconds.
  path: Assets/HQ Hangar Free/Scene/ExampleScene/Lightmap-10_comp_light.exr
  artifactKey: Guid(0234485bc7fc872499bc7a2a02af2093) Importer(815301076,1909f56bfc062723c751e8b465ee728b)
Start importing Assets/HQ Hangar Free/Scene/ExampleScene/Lightmap-10_comp_light.exr using Guid(0234485bc7fc872499bc7a2a02af2093) Importer(815301076,1909f56bfc062723c751e8b465ee728b)  -> (artifact id: '594ef51d23f07fb0f7f5d5172d46c618') in 0.026832 seconds 
========================================================================
Received Import Request.
  Time since last request: 0.000046 seconds.
  path: Assets/HQ Hangar Free/Scene/ExampleScene/Lightmap-1_comp_light.exr
  artifactKey: Guid(4e46d4bf1bb62d446aa3d9159ce61c07) Importer(815301076,1909f56bfc062723c751e8b465ee728b)
Start importing Assets/HQ Hangar Free/Scene/ExampleScene/Lightmap-1_comp_light.exr using Guid(4e46d4bf1bb62d446aa3d9159ce61c07) Importer(815301076,1909f56bfc062723c751e8b465ee728b)  -> (artifact id: '231e3d31891af3e79597fd2616545ab5') in 0.027237 seconds 
========================================================================
Received Import Request.
  Time since last request: 0.000052 seconds.
  path: Assets/HQ Hangar Free/Scene/ExampleScene/Lightmap-6_comp_light.exr
  artifactKey: Guid(2bc42523d7660a3488abf2871e28cee0) Importer(815301076,1909f56bfc062723c751e8b465ee728b)
Start importing Assets/HQ Hangar Free/Scene/ExampleScene/Lightmap-6_comp_light.exr using Guid(2bc42523d7660a3488abf2871e28cee0) Importer(815301076,1909f56bfc062723c751e8b465ee728b)  -> (artifact id: '5626d15cbbd199997be1a7bb85aac2c4') in 0.027755 seconds 
========================================================================
Received Import Request.
  Time since last request: 0.000036 seconds.
  path: Assets/HQ Hangar Free/Scene/ExampleScene/Lightmap-4_comp_dir.png
  artifactKey: Guid(115609a0f8236ac48b91801941fc925b) Importer(815301076,1909f56bfc062723c751e8b465ee728b)
Start importing Assets/HQ Hangar Free/Scene/ExampleScene/Lightmap-4_comp_dir.png using Guid(115609a0f8236ac48b91801941fc925b) Importer(815301076,1909f56bfc062723c751e8b465ee728b)  -> (artifact id: 'a7cdc869bc53ad926b92446089921eea') in 0.025175 seconds 
========================================================================
Received Import Request.
  Time since last request: 0.000031 seconds.
  path: Assets/HQ Hangar Free/Scene/ExampleScene/Lightmap-9_comp_dir.png
  artifactKey: Guid(3e652bf11519f3f409f6ee734dcd23fc) Importer(815301076,1909f56bfc062723c751e8b465ee728b)
Start importing Assets/HQ Hangar Free/Scene/ExampleScene/Lightmap-9_comp_dir.png using Guid(3e652bf11519f3f409f6ee734dcd23fc) Importer(815301076,1909f56bfc062723c751e8b465ee728b)  -> (artifact id: '15a8eeabea2b6961a35eaf692a26e39f') in 0.021314 seconds 
========================================================================
Received Import Request.
  Time since last request: 0.000062 seconds.
  path: Assets/HQ Hangar Free/Scene/ExampleScene/Lightmap-17_comp_dir.png
  artifactKey: Guid(cb2ba22c250bc7245b129c5fc1339eea) Importer(815301076,1909f56bfc062723c751e8b465ee728b)
Start importing Assets/HQ Hangar Free/Scene/ExampleScene/Lightmap-17_comp_dir.png using Guid(cb2ba22c250bc7245b129c5fc1339eea) Importer(815301076,1909f56bfc062723c751e8b465ee728b)  -> (artifact id: 'a5207c0d5a652d5e7d8412d9ca0886e4') in 0.021686 seconds 
========================================================================
Received Import Request.
  Time since last request: 0.000065 seconds.
  path: Assets/HQ Hangar Free/Scene/ExampleScene/Lightmap-5_comp_light.exr
  artifactKey: Guid(e686e0556c71d114cbff9efb374281ab) Importer(815301076,1909f56bfc062723c751e8b465ee728b)
Start importing Assets/HQ Hangar Free/Scene/ExampleScene/Lightmap-5_comp_light.exr using Guid(e686e0556c71d114cbff9efb374281ab) Importer(815301076,1909f56bfc062723c751e8b465ee728b)  -> (artifact id: '21cb885b66cd60efa10dfc37b55a4f9f') in 0.017168 seconds 
========================================================================
Received Import Request.
  Time since last request: 0.000034 seconds.
  path: Assets/HQ Hangar Free/Scene/ExampleScene/Lightmap-16_comp_dir.png
  artifactKey: Guid(a00ee1b9b876f584c9ea228ba78a8284) Importer(815301076,1909f56bfc062723c751e8b465ee728b)
Start importing Assets/HQ Hangar Free/Scene/ExampleScene/Lightmap-16_comp_dir.png using Guid(a00ee1b9b876f584c9ea228ba78a8284) Importer(815301076,1909f56bfc062723c751e8b465ee728b)  -> (artifact id: '69c7f03505aeb2f4466c6f8cb07e24b0') in 0.023637 seconds 
========================================================================
Received Import Request.
  Time since last request: 0.000036 seconds.
  path: Assets/HQ Hangar Free/Scene/ExampleScene/Lightmap-5_comp_dir.png
  artifactKey: Guid(35907239beb435343ae26b4f27e76ce5) Importer(815301076,1909f56bfc062723c751e8b465ee728b)
Start importing Assets/HQ Hangar Free/Scene/ExampleScene/Lightmap-5_comp_dir.png using Guid(35907239beb435343ae26b4f27e76ce5) Importer(815301076,1909f56bfc062723c751e8b465ee728b)  -> (artifact id: 'be664ebcf628e99011eeea679a99092a') in 0.030638 seconds 
========================================================================
Received Import Request.
  Time since last request: 0.000048 seconds.
  path: Assets/HQ Hangar Free/Scene/ExampleScene/Lightmap-21_comp_light.exr
  artifactKey: Guid(eb3fb00f50615154ab9dfdc162688c2b) Importer(815301076,1909f56bfc062723c751e8b465ee728b)
Start importing Assets/HQ Hangar Free/Scene/ExampleScene/Lightmap-21_comp_light.exr using Guid(eb3fb00f50615154ab9dfdc162688c2b) Importer(815301076,1909f56bfc062723c751e8b465ee728b)  -> (artifact id: '1d6063e22798834dff540fb98a1b969b') in 0.028244 seconds 
========================================================================
Received Import Request.
  Time since last request: 0.000033 seconds.
  path: Assets/HQ Hangar Free/Scene/ExampleScene/Lightmap-12_comp_dir.png
  artifactKey: Guid(725ff57a987040448b4566439356a97e) Importer(815301076,1909f56bfc062723c751e8b465ee728b)
Start importing Assets/HQ Hangar Free/Scene/ExampleScene/Lightmap-12_comp_dir.png using Guid(725ff57a987040448b4566439356a97e) Importer(815301076,1909f56bfc062723c751e8b465ee728b)  -> (artifact id: 'dc292c94ab466653ad88b9794dd12d88') in 0.026837 seconds 
========================================================================
Received Import Request.
  Time since last request: 0.000030 seconds.
  path: Assets/HQ Hangar Free/Scene/ExampleScene/Lightmap-0_comp_light.exr
  artifactKey: Guid(9f46f8e81664def4c91d83e02bb35d79) Importer(815301076,1909f56bfc062723c751e8b465ee728b)
Start importing Assets/HQ Hangar Free/Scene/ExampleScene/Lightmap-0_comp_light.exr using Guid(9f46f8e81664def4c91d83e02bb35d79) Importer(815301076,1909f56bfc062723c751e8b465ee728b)  -> (artifact id: '4b52190a5fac709bd419686b0b4d80c9') in 0.025879 seconds 
========================================================================
Received Import Request.
  Time since last request: 0.000035 seconds.
  path: Assets/HQ Hangar Free/Scene/ExampleScene/Lightmap-2_comp_light.exr
  artifactKey: Guid(511da33083209bd4e83b48cd3312a77b) Importer(815301076,1909f56bfc062723c751e8b465ee728b)
Start importing Assets/HQ Hangar Free/Scene/ExampleScene/Lightmap-2_comp_light.exr using Guid(511da33083209bd4e83b48cd3312a77b) Importer(815301076,1909f56bfc062723c751e8b465ee728b)  -> (artifact id: '969c8371d2c083afa3244c5997dcf799') in 0.028737 seconds 
========================================================================
Received Import Request.
  Time since last request: 0.000092 seconds.
  path: Assets/HQ Hangar Free/Scene/ExampleScene/Lightmap-24_comp_light.exr
  artifactKey: Guid(d8904d1312d6fad4ebffc7b68f9acb9d) Importer(815301076,1909f56bfc062723c751e8b465ee728b)
Start importing Assets/HQ Hangar Free/Scene/ExampleScene/Lightmap-24_comp_light.exr using Guid(d8904d1312d6fad4ebffc7b68f9acb9d) Importer(815301076,1909f56bfc062723c751e8b465ee728b)  -> (artifact id: '3f8c8bf5d12b5199a1916c82c4b2ace5') in 0.023534 seconds 
========================================================================
Received Import Request.
  Time since last request: 0.000035 seconds.
  path: Assets/HQ Hangar Free/Scene/ExampleScene/Lightmap-27_comp_dir.png
  artifactKey: Guid(2f58f65b937c78a4eb53a88671745ae2) Importer(815301076,1909f56bfc062723c751e8b465ee728b)
Start importing Assets/HQ Hangar Free/Scene/ExampleScene/Lightmap-27_comp_dir.png using Guid(2f58f65b937c78a4eb53a88671745ae2) Importer(815301076,1909f56bfc062723c751e8b465ee728b)  -> (artifact id: '18bfb910ff7e060ee06bf9e7855946b6') in 0.029223 seconds 
========================================================================
Received Import Request.
  Time since last request: 0.000048 seconds.
  path: Assets/HQ Hangar Free/Scene/ExampleScene/Lightmap-29_comp_light.exr
  artifactKey: Guid(d61673d7de5c7f442b779a6875608105) Importer(815301076,1909f56bfc062723c751e8b465ee728b)
Start importing Assets/HQ Hangar Free/Scene/ExampleScene/Lightmap-29_comp_light.exr using Guid(d61673d7de5c7f442b779a6875608105) Importer(815301076,1909f56bfc062723c751e8b465ee728b)  -> (artifact id: '3e5c11d17095ef474b784961398c5ab7') in 0.029087 seconds 
========================================================================
Received Import Request.
  Time since last request: 0.000027 seconds.
  path: Assets/HQ Hangar Free/Scene/ExampleScene/Lightmap-28_comp_dir.png
  artifactKey: Guid(dd561fc4f241dc544919e1ecbc50a5a8) Importer(815301076,1909f56bfc062723c751e8b465ee728b)
Start importing Assets/HQ Hangar Free/Scene/ExampleScene/Lightmap-28_comp_dir.png using Guid(dd561fc4f241dc544919e1ecbc50a5a8) Importer(815301076,1909f56bfc062723c751e8b465ee728b)  -> (artifact id: 'a2610e58c70d0f5da637a1984243e6d0') in 0.024697 seconds 
========================================================================
Received Import Request.
  Time since last request: 0.000064 seconds.
  path: Assets/HQ Hangar Free/Scene/ExampleScene/Lightmap-34_comp_light.exr
  artifactKey: Guid(006d765ad0e56394285fafc6540ed6ee) Importer(815301076,1909f56bfc062723c751e8b465ee728b)
Start importing Assets/HQ Hangar Free/Scene/ExampleScene/Lightmap-34_comp_light.exr using Guid(006d765ad0e56394285fafc6540ed6ee) Importer(815301076,1909f56bfc062723c751e8b465ee728b)  -> (artifact id: 'e28baa9feb72c66d93a5d35e77a78638') in 0.024541 seconds 
========================================================================
Received Import Request.
  Time since last request: 0.000030 seconds.
  path: Assets/HQ Hangar Free/Scene/ExampleScene/Lightmap-32_comp_dir.png
  artifactKey: Guid(b40c0b80a4e86414db432a59d41e3629) Importer(815301076,1909f56bfc062723c751e8b465ee728b)
Start importing Assets/HQ Hangar Free/Scene/ExampleScene/Lightmap-32_comp_dir.png using Guid(b40c0b80a4e86414db432a59d41e3629) Importer(815301076,1909f56bfc062723c751e8b465ee728b)  -> (artifact id: '8976ce7751730390f2fad2771a201bfa') in 0.018557 seconds 
========================================================================
Received Import Request.
  Time since last request: 0.000050 seconds.
  path: Assets/HQ Hangar Free/Scene/ExampleScene/Lightmap-25_comp_dir.png
  artifactKey: Guid(4f457e9f247d1674c9c9160edc1855e5) Importer(815301076,1909f56bfc062723c751e8b465ee728b)
Start importing Assets/HQ Hangar Free/Scene/ExampleScene/Lightmap-25_comp_dir.png using Guid(4f457e9f247d1674c9c9160edc1855e5) Importer(815301076,1909f56bfc062723c751e8b465ee728b)  -> (artifact id: '163e0b88e698298750983bb3368bf3d3') in 0.024990 seconds 
========================================================================
Received Import Request.
  Time since last request: 0.000045 seconds.
  path: Assets/HQ Hangar Free/Scene/ExampleScene/Lightmap-39_comp_dir.png
  artifactKey: Guid(9aee50c53b0421441a1689ed079ad2a5) Importer(815301076,1909f56bfc062723c751e8b465ee728b)
Start importing Assets/HQ Hangar Free/Scene/ExampleScene/Lightmap-39_comp_dir.png using Guid(9aee50c53b0421441a1689ed079ad2a5) Importer(815301076,1909f56bfc062723c751e8b465ee728b)  -> (artifact id: '62ff09399a6e8587da247644589264bb') in 0.020646 seconds 
========================================================================
Received Import Request.
  Time since last request: 0.000044 seconds.
  path: Assets/HQ Hangar Free/Scene/ExampleScene/Lightmap-38_comp_light.exr
  artifactKey: Guid(cb15c180954c22c4088a3192945c34a5) Importer(815301076,1909f56bfc062723c751e8b465ee728b)
Start importing Assets/HQ Hangar Free/Scene/ExampleScene/Lightmap-38_comp_light.exr using Guid(cb15c180954c22c4088a3192945c34a5) Importer(815301076,1909f56bfc062723c751e8b465ee728b)  -> (artifact id: '92b6f58763646fc706793ac7ae8a7235') in 0.023045 seconds 
========================================================================
Received Import Request.
  Time since last request: 0.000050 seconds.
  path: Assets/HQ Hangar Free/Scene/ExampleScene/Lightmap-41_comp_light.exr
  artifactKey: Guid(d850c1e8d030f2f4bb3e728d15749cc9) Importer(815301076,1909f56bfc062723c751e8b465ee728b)
Start importing Assets/HQ Hangar Free/Scene/ExampleScene/Lightmap-41_comp_light.exr using Guid(d850c1e8d030f2f4bb3e728d15749cc9) Importer(815301076,1909f56bfc062723c751e8b465ee728b)  -> (artifact id: '182b48fcf16f9db356d5a6cb79e52021') in 0.021815 seconds 
========================================================================
Received Import Request.
  Time since last request: 0.000042 seconds.
  path: Assets/HQ Hangar Free/Scene/ExampleScene/Lightmap-37_comp_dir.png
  artifactKey: Guid(9f7eedfb4794b3a4aa8fda147baab288) Importer(815301076,1909f56bfc062723c751e8b465ee728b)
Start importing Assets/HQ Hangar Free/Scene/ExampleScene/Lightmap-37_comp_dir.png using Guid(9f7eedfb4794b3a4aa8fda147baab288) Importer(815301076,1909f56bfc062723c751e8b465ee728b)  -> (artifact id: '44dc104ece0e28ac81907d25adef755f') in 0.023960 seconds 
========================================================================
Received Import Request.
  Time since last request: 0.000126 seconds.
  path: Assets/HQ Hangar Free/Scene/ExampleScene/Lightmap-33_comp_light.exr
  artifactKey: Guid(c82685959f6d05043b77af891fca3aaa) Importer(815301076,1909f56bfc062723c751e8b465ee728b)
Start importing Assets/HQ Hangar Free/Scene/ExampleScene/Lightmap-33_comp_light.exr using Guid(c82685959f6d05043b77af891fca3aaa) Importer(815301076,1909f56bfc062723c751e8b465ee728b)  -> (artifact id: 'ecfd0d0d97ac3f435d7294a5ab9ae1b5') in 0.027256 seconds 
========================================================================
Received Import Request.
  Time since last request: 0.000130 seconds.
  path: Assets/HQ Hangar Free/Scene/ExampleScene/Lightmap-38_comp_dir.png
  artifactKey: Guid(d9facbac981ea9b4598cd2ff62062114) Importer(815301076,1909f56bfc062723c751e8b465ee728b)
Start importing Assets/HQ Hangar Free/Scene/ExampleScene/Lightmap-38_comp_dir.png using Guid(d9facbac981ea9b4598cd2ff62062114) Importer(815301076,1909f56bfc062723c751e8b465ee728b)  -> (artifact id: '5d4ce9d010a74a5a337e010567c09a6c') in 0.025410 seconds 
========================================================================
Received Import Request.
  Time since last request: 0.000033 seconds.
  path: Assets/HQ Hangar Free/Scene/ExampleScene/Lightmap-25_comp_light.exr
  artifactKey: Guid(ec7e03dcd596c5d4ba2a662d6387d6a6) Importer(815301076,1909f56bfc062723c751e8b465ee728b)
Start importing Assets/HQ Hangar Free/Scene/ExampleScene/Lightmap-25_comp_light.exr using Guid(ec7e03dcd596c5d4ba2a662d6387d6a6) Importer(815301076,1909f56bfc062723c751e8b465ee728b)  -> (artifact id: '585bf29be6ec16594a4f6564b2bcd137') in 0.025737 seconds 
========================================================================
Received Import Request.
  Time since last request: 0.000027 seconds.
  path: Assets/HQ Hangar Free/Scene/ExampleScene/Lightmap-35_comp_light.exr
  artifactKey: Guid(af1118533ac072b4aad4ade54314d12d) Importer(815301076,1909f56bfc062723c751e8b465ee728b)
Start importing Assets/HQ Hangar Free/Scene/ExampleScene/Lightmap-35_comp_light.exr using Guid(af1118533ac072b4aad4ade54314d12d) Importer(815301076,1909f56bfc062723c751e8b465ee728b)  -> (artifact id: '7f3a3c4e62afd4d7c73cfb130fbd0268') in 0.026916 seconds 
========================================================================
Received Import Request.
  Time since last request: 0.000048 seconds.
  path: Assets/HQ Hangar Free/Scene/ExampleScene/Lightmap-1_comp_dir.png
  artifactKey: Guid(2468d5a70a68c6a4882ce69632658a7a) Importer(815301076,1909f56bfc062723c751e8b465ee728b)
Start importing Assets/HQ Hangar Free/Scene/ExampleScene/Lightmap-1_comp_dir.png using Guid(2468d5a70a68c6a4882ce69632658a7a) Importer(815301076,1909f56bfc062723c751e8b465ee728b)  -> (artifact id: '48a78ba88e9b939420d6d32e90e4695c') in 0.026571 seconds 
========================================================================
Received Import Request.
  Time since last request: 0.000053 seconds.
  path: Assets/HQ Hangar Free/Scene/ExampleScene/Lightmap-7_comp_dir.png
  artifactKey: Guid(c5103396b1f839042b52c3c47bb1d598) Importer(815301076,1909f56bfc062723c751e8b465ee728b)
Start importing Assets/HQ Hangar Free/Scene/ExampleScene/Lightmap-7_comp_dir.png using Guid(c5103396b1f839042b52c3c47bb1d598) Importer(815301076,1909f56bfc062723c751e8b465ee728b)  -> (artifact id: '400ac0b33dd5c557732f0f45106869d1') in 0.024364 seconds 
========================================================================
Received Import Request.
  Time since last request: 0.000055 seconds.
  path: Assets/HQ Hangar Free/Scene/ExampleScene/Lightmap-8_comp_light.exr
  artifactKey: Guid(7ec6044ec4fb64340aa315b4c7d5004f) Importer(815301076,1909f56bfc062723c751e8b465ee728b)
Start importing Assets/HQ Hangar Free/Scene/ExampleScene/Lightmap-8_comp_light.exr using Guid(7ec6044ec4fb64340aa315b4c7d5004f) Importer(815301076,1909f56bfc062723c751e8b465ee728b)  -> (artifact id: '9004702bc527bfaa57641f23d9ea9614') in 0.021669 seconds 
========================================================================
Received Import Request.
  Time since last request: 0.000027 seconds.
  path: Assets/HQ Hangar Free/Scene/ExampleScene/Lightmap-3_comp_light.exr
  artifactKey: Guid(09e76098617cc8745b76c1b5194f3871) Importer(815301076,1909f56bfc062723c751e8b465ee728b)
Start importing Assets/HQ Hangar Free/Scene/ExampleScene/Lightmap-3_comp_light.exr using Guid(09e76098617cc8745b76c1b5194f3871) Importer(815301076,1909f56bfc062723c751e8b465ee728b)  -> (artifact id: '7d22eab971e328eda0bf44fb6597acb9') in 0.024962 seconds 
========================================================================
Received Import Request.
  Time since last request: 0.000045 seconds.
  path: Assets/HQ Hangar Free/Scene/ExampleScene/Lightmap-10_comp_dir.png
  artifactKey: Guid(6d6b051cfa7ebc94fa2d5fe41f1463f1) Importer(815301076,1909f56bfc062723c751e8b465ee728b)
Start importing Assets/HQ Hangar Free/Scene/ExampleScene/Lightmap-10_comp_dir.png using Guid(6d6b051cfa7ebc94fa2d5fe41f1463f1) Importer(815301076,1909f56bfc062723c751e8b465ee728b)  -> (artifact id: '80992e6f6553d385c20a2c8833f764a9') in 0.025325 seconds 
========================================================================
Received Import Request.
  Time since last request: 0.000051 seconds.
  path: Assets/HQ Hangar Free/Scene/ExampleScene/Lightmap-13_comp_light.exr
  artifactKey: Guid(f9a2994cb1029bd47a184c1dbe943f4b) Importer(815301076,1909f56bfc062723c751e8b465ee728b)
Start importing Assets/HQ Hangar Free/Scene/ExampleScene/Lightmap-13_comp_light.exr using Guid(f9a2994cb1029bd47a184c1dbe943f4b) Importer(815301076,1909f56bfc062723c751e8b465ee728b)  -> (artifact id: '81231c9ad40ad28eb18f27984db3246a') in 0.025301 seconds 
========================================================================
Received Import Request.
  Time since last request: 0.000041 seconds.
  path: Assets/HQ Hangar Free/Scene/ExampleScene/Lightmap-31_comp_dir.png
  artifactKey: Guid(6374e31b4916d264ca31ffa2e6b8058b) Importer(815301076,1909f56bfc062723c751e8b465ee728b)
Start importing Assets/HQ Hangar Free/Scene/ExampleScene/Lightmap-31_comp_dir.png using Guid(6374e31b4916d264ca31ffa2e6b8058b) Importer(815301076,1909f56bfc062723c751e8b465ee728b)  -> (artifact id: '2bf71329940f390e7ee45ddf7546febc') in 0.025812 seconds 
========================================================================
Received Import Request.
  Time since last request: 0.000043 seconds.
  path: Assets/HQ Hangar Free/Scene/ExampleScene/Lightmap-18_comp_light.exr
  artifactKey: Guid(4b240d5dc680ed94f9657fc677b5f58a) Importer(815301076,1909f56bfc062723c751e8b465ee728b)
Start importing Assets/HQ Hangar Free/Scene/ExampleScene/Lightmap-18_comp_light.exr using Guid(4b240d5dc680ed94f9657fc677b5f58a) Importer(815301076,1909f56bfc062723c751e8b465ee728b)  -> (artifact id: '678cb1b93f231d544467c254a670a544') in 0.022249 seconds 
========================================================================
Received Import Request.
  Time since last request: 0.000054 seconds.
  path: Assets/HQ Hangar Free/Scene/ExampleScene/Lightmap-39_comp_light.exr
  artifactKey: Guid(6a8be7e83d2e19943b122f44b529232d) Importer(815301076,1909f56bfc062723c751e8b465ee728b)
Start importing Assets/HQ Hangar Free/Scene/ExampleScene/Lightmap-39_comp_light.exr using Guid(6a8be7e83d2e19943b122f44b529232d) Importer(815301076,1909f56bfc062723c751e8b465ee728b)  -> (artifact id: '622bd0b0a426cb25a9b6861cd53eaea7') in 0.021320 seconds 
========================================================================
Received Import Request.
  Time since last request: 4.280045 seconds.
  path: Assets/HQ Hangar Free/Materials
  artifactKey: Guid(f3b1d4c4b0f987241b475abfca5c55f9) Importer(815301076,1909f56bfc062723c751e8b465ee728b)
Start importing Assets/HQ Hangar Free/Materials using Guid(f3b1d4c4b0f987241b475abfca5c55f9) Importer(815301076,1909f56bfc062723c751e8b465ee728b)  -> (artifact id: '78303f853ff5de4f21f13a45ee4dae1d') in 0.012969 seconds 
========================================================================
Received Import Request.
  Time since last request: 0.115446 seconds.
  path: Assets/HQ Hangar Free/Materials/Concret_floor_wet.mat
  artifactKey: Guid(be21f5838915e1041896868ceeffc3c5) Importer(815301076,1909f56bfc062723c751e8b465ee728b)
Start importing Assets/HQ Hangar Free/Materials/Concret_floor_wet.mat using Guid(be21f5838915e1041896868ceeffc3c5) Importer(815301076,1909f56bfc062723c751e8b465ee728b)  -> (artifact id: '9a0c94ad5d6d73ff33c51e3fc5a7eec9') in 0.136364 seconds 
========================================================================
Received Import Request.
  Time since last request: 0.000148 seconds.
  path: Assets/HQ Hangar Free/Materials/Sheet_metal.mat
  artifactKey: Guid(94fd1101550f8354f92d44d9edd8b0ac) Importer(815301076,1909f56bfc062723c751e8b465ee728b)
Start importing Assets/HQ Hangar Free/Materials/Sheet_metal.mat using Guid(94fd1101550f8354f92d44d9edd8b0ac) Importer(815301076,1909f56bfc062723c751e8b465ee728b)  -> (artifact id: 'eb6b4592669f29c2f2a6f220f2147ae2') in 0.047829 seconds 
========================================================================
Received Import Request.
  Time since last request: 5.712694 seconds.
  path: Assets/HQ Hangar Free/Prefabs/Floor.prefab
  artifactKey: Guid(87fbfc3224b1b454cb612fc112128a39) Importer(815301076,1909f56bfc062723c751e8b465ee728b)
Start importing Assets/HQ Hangar Free/Prefabs/Floor.prefab using Guid(87fbfc3224b1b454cb612fc112128a39) Importer(815301076,1909f56bfc062723c751e8b465ee728b)  -> (artifact id: 'dbcd8c3488d2e9b1768a54569fd6df30') in 0.081353 seconds 
========================================================================
Received Import Request.
  Time since last request: 0.000046 seconds.
  path: Assets/HQ Hangar Free/Prefabs/Hangar_part_05.prefab
  artifactKey: Guid(219d51f7f380a7f4093f3fd1215a118d) Importer(815301076,1909f56bfc062723c751e8b465ee728b)
Start importing Assets/HQ Hangar Free/Prefabs/Hangar_part_05.prefab using Guid(219d51f7f380a7f4093f3fd1215a118d) Importer(815301076,1909f56bfc062723c751e8b465ee728b)  -> (artifact id: '6731fc844f6a95d18344fc84ba19bd13') in 0.089420 seconds 
========================================================================
Received Import Request.
  Time since last request: 5.118372 seconds.
  path: Assets/HQ Hangar Free/Textures
  artifactKey: Guid(b7f18d3896c99bf4c84f36f1279b337c) Importer(815301076,1909f56bfc062723c751e8b465ee728b)
Start importing Assets/HQ Hangar Free/Textures using Guid(b7f18d3896c99bf4c84f36f1279b337c) Importer(815301076,1909f56bfc062723c751e8b465ee728b)  -> (artifact id: '5f254fc1c1796fcabdb081268abace9e') in 0.016499 seconds 
========================================================================
Received Import Request.
  Time since last request: 1.513174 seconds.
  path: Assets/HQ Hangar Free/Textures/Glass
  artifactKey: Guid(e52ed1d8e09ac5346a4727ab647f6fb4) Importer(815301076,1909f56bfc062723c751e8b465ee728b)
Start importing Assets/HQ Hangar Free/Textures/Glass using Guid(e52ed1d8e09ac5346a4727ab647f6fb4) Importer(815301076,1909f56bfc062723c751e8b465ee728b)  -> (artifact id: '4044690ff2cae1d334c2eee4dcd162a3') in 0.002215 seconds 
========================================================================
Received Import Request.
  Time since last request: 0.110735 seconds.
  path: Assets/HQ Hangar Free/Textures/Glass/Glass_BaseMap.png
  artifactKey: Guid(23b1a8391c3f62540a0506ed9428fb2a) Importer(815301076,1909f56bfc062723c751e8b465ee728b)
Start importing Assets/HQ Hangar Free/Textures/Glass/Glass_BaseMap.png using Guid(23b1a8391c3f62540a0506ed9428fb2a) Importer(815301076,1909f56bfc062723c751e8b465ee728b)  -> (artifact id: '786ddddb96488c44df9b82cd76060c91') in 0.031520 seconds 
========================================================================
Received Import Request.
  Time since last request: 3.245662 seconds.
  path: Assets/HQ Hangar Free/Textures/Sheet_metal
  artifactKey: Guid(008a87b89f8217d47b4c73dc231cf57b) Importer(815301076,1909f56bfc062723c751e8b465ee728b)
Start importing Assets/HQ Hangar Free/Textures/Sheet_metal using Guid(008a87b89f8217d47b4c73dc231cf57b) Importer(815301076,1909f56bfc062723c751e8b465ee728b)  -> (artifact id: '163419af12f4056fc88c2502818d3b61') in 0.002488 seconds 
========================================================================
Received Import Request.
  Time since last request: 0.183976 seconds.
  path: Assets/HQ Hangar Free/Textures/Sheet_metal/Sheet_metal_BaseMap.png
  artifactKey: Guid(b1248c8594497c5499daafb662e3be61) Importer(815301076,1909f56bfc062723c751e8b465ee728b)
Start importing Assets/HQ Hangar Free/Textures/Sheet_metal/Sheet_metal_BaseMap.png using Guid(b1248c8594497c5499daafb662e3be61) Importer(815301076,1909f56bfc062723c751e8b465ee728b)  -> (artifact id: '537f6a60a069fbc6d7b871288005cb13') in 0.040041 seconds 
========================================================================
Received Import Request.
  Time since last request: 1.527810 seconds.
  path: Assets/HQ Hangar Free/Textures/Concrete_floor
  artifactKey: Guid(117fd51f376539941a6b691e16263457) Importer(815301076,1909f56bfc062723c751e8b465ee728b)
Start importing Assets/HQ Hangar Free/Textures/Concrete_floor using Guid(117fd51f376539941a6b691e16263457) Importer(815301076,1909f56bfc062723c751e8b465ee728b)  -> (artifact id: '1edafdfbcf027ed2b6c5e636d1b04731') in 0.015095 seconds 
========================================================================
Received Import Request.
  Time since last request: 0.093801 seconds.
  path: Assets/HQ Hangar Free/Textures/Concrete_floor/Concrete_floor_smooth_BaseMap.png
  artifactKey: Guid(a43c5d7d690fc714aa33b31bee75ea75) Importer(815301076,1909f56bfc062723c751e8b465ee728b)
Start importing Assets/HQ Hangar Free/Textures/Concrete_floor/Concrete_floor_smooth_BaseMap.png using Guid(a43c5d7d690fc714aa33b31bee75ea75) Importer(815301076,1909f56bfc062723c751e8b465ee728b)  -> (artifact id: '223b1f8983030b24e1cc610794064bf6') in 0.038861 seconds 
========================================================================
Received Import Request.
  Time since last request: 13.600650 seconds.
  path: Assets/HQ Hangar Free/Textures/Concrete_floor/Materials
  artifactKey: Guid(f737ce8cb821a064b8f1be77b15d2e53) Importer(815301076,1909f56bfc062723c751e8b465ee728b)
Start importing Assets/HQ Hangar Free/Textures/Concrete_floor/Materials using Guid(f737ce8cb821a064b8f1be77b15d2e53) Importer(815301076,1909f56bfc062723c751e8b465ee728b)  -> (artifact id: '7cf3945f8c5fd92a8b2fb92b0569708b') in 0.003656 seconds 
========================================================================
Received Import Request.
  Time since last request: 0.151847 seconds.
  path: Assets/HQ Hangar Free/Textures/Concrete_floor/Materials/Concrete_floor_smooth_BaseMap.mat
  artifactKey: Guid(6a4c44f8f8037a14fb203dff4c3735d4) Importer(815301076,1909f56bfc062723c751e8b465ee728b)
Start importing Assets/HQ Hangar Free/Textures/Concrete_floor/Materials/Concrete_floor_smooth_BaseMap.mat using Guid(6a4c44f8f8037a14fb203dff4c3735d4) Importer(815301076,1909f56bfc062723c751e8b465ee728b)  -> (artifact id: '1c3217e4786ed1967c24dbbdc61f8236') in 0.236912 seconds 
